2019-02-28 04:01:08.111+0000 WARN [o.n.i.p.PageCache] The dbms.memory.pagecache.size setting has not been configured. It is recommended that this setting is always explicitly configured, to ensure the system has a balanced configuration. Until then, a computed heuristic value of 1610612736 bytes will be used instead. Run `neo4j-admin memrec` for memory configuration suggestions.
2019-02-28 04:01:08.749+0000 INFO [o.n.g.f.m.e.CommunityEditionModule] No locking implementation specified, defaulting to 'community'
2019-02-28 04:01:09.114+0000 INFO [o.n.g.f.GraphDatabaseFacadeFactory] Creating 'graph.db' database.
2019-02-28 04:01:09.180+0000 INFO [o.n.k.a.DatabaseAvailabilityGuard] Requirement `Database available` makes database graph.db unavailable.
2019-02-28 04:01:09.181+0000 INFO [o.n.k.a.DatabaseAvailabilityGuard] Database graph.db is unavailable.
2019-02-28 04:01:09.325+0000 INFO [o.n.i.d.DiagnosticsManager] --- INITIALIZED diagnostics START ---
2019-02-28 04:01:09.325+0000 INFO [o.n.i.d.DiagnosticsManager] Neo4j Kernel properties:
2019-02-28 04:01:09.326+0000 INFO [o.n.i.d.DiagnosticsManager] dbms.connector.http.enabled=true
2019-02-28 04:01:09.326+0000 INFO [o.n.i.d.DiagnosticsManager] unsupported.dbms.edition=community
2019-02-28 04:01:09.326+0000 INFO [o.n.i.d.DiagnosticsManager] dbms.security.auth_enabled=true
2019-02-28 04:01:09.326+0000 INFO [o.n.i.d.DiagnosticsManager] dbms.windows_service_name=neo4j
2019-02-28 04:01:09.327+0000 INFO [o.n.i.d.DiagnosticsManager] dbms.connector.bolt.enabled=true
2019-02-28 04:01:09.327+0000 INFO [o.n.i.d.DiagnosticsManager] unsupported.dbms.directories.neo4j_home=/Users/mac/major_graph/neo4j-community
2019-02-28 04:01:09.327+0000 INFO [o.n.i.d.DiagnosticsManager] dbms.connector.https.enabled=true
2019-02-28 04:01:09.327+0000 INFO [o.n.i.d.DiagnosticsManager] dbms.directories.import=import
2019-02-28 04:01:09.328+0000 INFO [o.n.i.d.DiagnosticsManager] dbms.jvm.additional=-XX:+UseG1GC
2019-02-28 04:01:09.328+0000 INFO [o.n.i.d.DiagnosticsManager] dbms.tx_log.rotation.retention_policy=1 days
2019-02-28 04:01:09.328+0000 INFO [o.n.i.d.DiagnosticsManager] Diagnostics providers:
2019-02-28 04:01:09.328+0000 INFO [o.n.i.d.DiagnosticsManager] org.neo4j.kernel.configuration.Config
2019-02-28 04:01:09.328+0000 INFO [o.n.i.d.DiagnosticsManager] org.neo4j.internal.diagnostics.DiagnosticsManager
2019-02-28 04:01:09.329+0000 INFO [o.n.i.d.DiagnosticsManager] SYSTEM_MEMORY
2019-02-28 04:01:09.329+0000 INFO [o.n.i.d.DiagnosticsManager] JAVA_MEMORY
2019-02-28 04:01:09.329+0000 INFO [o.n.i.d.DiagnosticsManager] OPERATING_SYSTEM
2019-02-28 04:01:09.329+0000 INFO [o.n.i.d.DiagnosticsManager] JAVA_VIRTUAL_MACHINE
2019-02-28 04:01:09.329+0000 INFO [o.n.i.d.DiagnosticsManager] CLASSPATH
2019-02-28 04:01:09.330+0000 INFO [o.n.i.d.DiagnosticsManager] LIBRARY_PATH
2019-02-28 04:01:09.330+0000 INFO [o.n.i.d.DiagnosticsManager] SYSTEM_PROPERTIES
2019-02-28 04:01:09.330+0000 INFO [o.n.i.d.DiagnosticsManager] TIMEZONE_DATABASE
2019-02-28 04:01:09.330+0000 INFO [o.n.i.d.DiagnosticsManager] NETWORK
2019-02-28 04:01:09.330+0000 INFO [o.n.i.d.DiagnosticsManager] System memory information:
2019-02-28 04:01:09.345+0000 INFO [o.n.i.d.DiagnosticsManager] Total Physical memory: 4.00 GB
2019-02-28 04:01:09.347+0000 INFO [o.n.i.d.DiagnosticsManager] Free Physical memory: 23.75 MB
2019-02-28 04:01:09.349+0000 INFO [o.n.i.d.DiagnosticsManager] Committed virtual memory: 6.53 GB
2019-02-28 04:01:09.351+0000 INFO [o.n.i.d.DiagnosticsManager] Total swap space: 2.00 GB
2019-02-28 04:01:09.353+0000 INFO [o.n.i.d.DiagnosticsManager] Free swap space: 1.20 GB
2019-02-28 04:01:09.353+0000 INFO [o.n.i.d.DiagnosticsManager] JVM memory information:
2019-02-28 04:01:09.353+0000 INFO [o.n.i.d.DiagnosticsManager] Free  memory: 40.51 MB
2019-02-28 04:01:09.353+0000 INFO [o.n.i.d.DiagnosticsManager] Total memory: 64.00 MB
2019-02-28 04:01:09.354+0000 INFO [o.n.i.d.DiagnosticsManager] Max   memory: 1.00 GB
2019-02-28 04:01:09.410+0000 INFO [o.n.i.d.DiagnosticsManager] Garbage Collector: G1 Young Generation: [G1 Eden Space, G1 Survivor Space]
2019-02-28 04:01:09.411+0000 INFO [o.n.i.d.DiagnosticsManager] Garbage Collector: G1 Old Generation: [G1 Eden Space, G1 Survivor Space, G1 Old Gen]
2019-02-28 04:01:09.416+0000 INFO [o.n.i.d.DiagnosticsManager] Memory Pool: Code Cache (Non-heap memory): committed=6.06 MB, used=6.02 MB, max=240.00 MB, threshold=0.00 B
2019-02-28 04:01:09.417+0000 INFO [o.n.i.d.DiagnosticsManager] Memory Pool: Metaspace (Non-heap memory): committed=21.12 MB, used=20.27 MB, max=-1.00 B, threshold=0.00 B
2019-02-28 04:01:09.417+0000 INFO [o.n.i.d.DiagnosticsManager] Memory Pool: Compressed Class Space (Non-heap memory): committed=2.67 MB, used=2.41 MB, max=1.00 GB, threshold=0.00 B
2019-02-28 04:01:09.418+0000 INFO [o.n.i.d.DiagnosticsManager] Memory Pool: G1 Eden Space (Heap memory): committed=27.00 MB, used=2.00 MB, max=-1.00 B, threshold=?
2019-02-28 04:01:09.418+0000 INFO [o.n.i.d.DiagnosticsManager] Memory Pool: G1 Survivor Space (Heap memory): committed=5.00 MB, used=5.00 MB, max=-1.00 B, threshold=?
2019-02-28 04:01:09.418+0000 INFO [o.n.i.d.DiagnosticsManager] Memory Pool: G1 Old Gen (Heap memory): committed=32.00 MB, used=15.00 MB, max=1.00 GB, threshold=0.00 B
2019-02-28 04:01:09.418+0000 INFO [o.n.i.d.DiagnosticsManager] Operating system information:
2019-02-28 04:01:09.422+0000 INFO [o.n.i.d.DiagnosticsManager] Operating System: Mac OS X; version: 10.14.3; arch: x86_64; cpus: 4
2019-02-28 04:01:09.423+0000 INFO [o.n.i.d.DiagnosticsManager] Max number of file descriptors: 10240
2019-02-28 04:01:09.425+0000 INFO [o.n.i.d.DiagnosticsManager] Number of open file descriptors: 130
2019-02-28 04:01:09.600+0000 INFO [o.n.i.d.DiagnosticsManager] Process id: 7669@LukasdeMacBook-Air.local
2019-02-28 04:01:09.600+0000 INFO [o.n.i.d.DiagnosticsManager] Byte order: LITTLE_ENDIAN
2019-02-28 04:01:09.609+0000 INFO [o.n.i.d.DiagnosticsManager] Local timezone: Asia/Shanghai
2019-02-28 04:01:09.610+0000 INFO [o.n.i.d.DiagnosticsManager] JVM information:
2019-02-28 04:01:09.610+0000 INFO [o.n.i.d.DiagnosticsManager] VM Name: Java HotSpot(TM) 64-Bit Server VM
2019-02-28 04:01:09.610+0000 INFO [o.n.i.d.DiagnosticsManager] VM Vendor: Oracle Corporation
2019-02-28 04:01:09.610+0000 INFO [o.n.i.d.DiagnosticsManager] VM Version: 25.60-b23
2019-02-28 04:01:09.611+0000 INFO [o.n.i.d.DiagnosticsManager] JIT compiler: HotSpot 64-Bit Tiered Compilers
2019-02-28 04:01:09.614+0000 INFO [o.n.i.d.DiagnosticsManager] VM Arguments: [-XX:+UseG1GC, -XX:-OmitStackTraceInFastThrow, -XX:+AlwaysPreTouch, -XX:+UnlockExperimentalVMOptions, -XX:+TrustFinalNonStaticFields, -XX:+DisableExplicitGC, -Djdk.tls.ephemeralDHKeySize=2048, -Djdk.tls.rejectClientInitiatedRenegotiation=true, -Dunsupported.dbms.udc.source=tarball, -Dfile.encoding=UTF-8]
2019-02-28 04:01:09.614+0000 INFO [o.n.i.d.DiagnosticsManager] Java classpath:
2019-02-28 04:01:09.617+0000 INFO [o.n.i.d.DiagnosticsManager]  [classpath + loader.0] file:/Users/mac/major_graph/neo4j-community/lib/neo4j-cypher-frontend-3.1-3.1.9.jar
2019-02-28 04:01:09.617+0000 INFO [o.n.i.d.DiagnosticsManager]  [classpath + loader.0] file:/Users/mac/major_graph/neo4j-community/lib/jetty-security-9.4.11.v20180605.jar
2019-02-28 04:01:09.617+0000 INFO [o.n.i.d.DiagnosticsManager]  [classpath + loader.0] file:/Users/mac/major_graph/neo4j-community/lib/neo4j-lucene-upgrade-3.5.3.jar
2019-02-28 04:01:09.617+0000 INFO [o.n.i.d.DiagnosticsManager]  [classpath + loader.0] file:/Users/mac/major_graph/neo4j-community/lib/bcprov-jdk15on-1.60.jar
2019-02-28 04:01:09.617+0000 INFO [o.n.i.d.DiagnosticsManager]  [classpath + loader.0] file:/Users/mac/major_graph/neo4j-community/lib/jetty-http-9.4.11.v20180605.jar
2019-02-28 04:01:09.617+0000 INFO [o.n.i.d.DiagnosticsManager]  [classpath + loader.0] file:/Users/mac/major_graph/neo4j-community/lib/neo4j-common-3.5.3.jar
2019-02-28 04:01:09.617+0000 INFO [o.n.i.d.DiagnosticsManager]  [bootstrap] /Library/Java/JavaVirtualMachines/jdk1.8.0_60.jdk/Contents/Home/jre/lib/jsse.jar
2019-02-28 04:01:09.617+0000 INFO [o.n.i.d.DiagnosticsManager]  [bootstrap] /Library/Java/JavaVirtualMachines/jdk1.8.0_60.jdk/Contents/Home/jre/lib/jfr.jar
2019-02-28 04:01:09.617+0000 INFO [o.n.i.d.DiagnosticsManager]  [classpath + loader.0] file:/Users/mac/major_graph/neo4j-community/lib/neo4j-parser-3.5-3.5.3.jar
2019-02-28 04:01:09.618+0000 INFO [o.n.i.d.DiagnosticsManager]  [classpath + loader.0] file:/Users/mac/major_graph/neo4j-community/lib/neo4j-util-3.5-3.5.3.jar
2019-02-28 04:01:09.618+0000 INFO [o.n.i.d.DiagnosticsManager]  [classpath + loader.0] file:/Users/mac/major_graph/neo4j-community/lib/commons-text-1.4.jar
2019-02-28 04:01:09.618+0000 INFO [o.n.i.d.DiagnosticsManager]  [classpath + loader.0] file:/Users/mac/major_graph/neo4j-community/lib/jersey-server-1.19.3.jar
2019-02-28 04:01:09.618+0000 INFO [o.n.i.d.DiagnosticsManager]  [classpath + loader.0] file:/Users/mac/major_graph/neo4j-community/lib/jaxb-core-2.3.0.1.jar
2019-02-28 04:01:09.618+0000 INFO [o.n.i.d.DiagnosticsManager]  [loader.1] file:/Library/Java/JavaVirtualMachines/jdk1.8.0_60.jdk/Contents/Home/jre/lib/ext/nashorn.jar
2019-02-28 04:01:09.618+0000 INFO [o.n.i.d.DiagnosticsManager]  [classpath + loader.0] file:/Library/Java/JavaVirtualMachines/jdk1.8.0_60.jdk/Contents/Home/lib/tools.jar
2019-02-28 04:01:09.618+0000 INFO [o.n.i.d.DiagnosticsManager]  [classpath + loader.0] file:/Users/mac/major_graph/neo4j-community/lib/neo4j-cypher-3.5.3.jar
2019-02-28 04:01:09.618+0000 INFO [o.n.i.d.DiagnosticsManager]  [classpath + loader.0] file:/Users/mac/major_graph/neo4j-community/lib/openCypher-frontend-1-3.4.12.jar
2019-02-28 04:01:09.618+0000 INFO [o.n.i.d.DiagnosticsManager]  [classpath + loader.0] file:/Users/mac/major_graph/neo4j-community/lib/neo4j-csv-3.5.3.jar
2019-02-28 04:01:09.618+0000 INFO [o.n.i.d.DiagnosticsManager]  [classpath + loader.0] file:/Users/mac/major_graph/neo4j-community/lib/neo4j-cypher-runtime-util-3.5.3.jar
2019-02-28 04:01:09.618+0000 INFO [o.n.i.d.DiagnosticsManager]  [classpath + loader.0] file:/Users/mac/major_graph/neo4j-community/lib/commons-lang3-3.8.jar
2019-02-28 04:01:09.619+0000 INFO [o.n.i.d.DiagnosticsManager]  [classpath + loader.0] file:/Users/mac/major_graph/neo4j-community/lib/neo4j-front-end-3.5-3.5.3.jar
2019-02-28 04:01:09.619+0000 INFO [o.n.i.d.DiagnosticsManager]  [classpath + loader.0] file:/Users/mac/major_graph/neo4j-community/plugins/*
2019-02-28 04:01:09.619+0000 INFO [o.n.i.d.DiagnosticsManager]  [bootstrap] /Library/Java/JavaVirtualMachines/jdk1.8.0_60.jdk/Contents/Home/jre/classes
2019-02-28 04:01:09.619+0000 INFO [o.n.i.d.DiagnosticsManager]  [classpath + loader.0] file:/Users/mac/major_graph/neo4j-community/lib/eclipse-collections-api-9.2.0.jar
2019-02-28 04:01:09.619+0000 INFO [o.n.i.d.DiagnosticsManager]  [classpath + loader.0] file:/Users/mac/major_graph/neo4j-community/lib/neo4j-values-3.5.3.jar
2019-02-28 04:01:09.619+0000 INFO [o.n.i.d.DiagnosticsManager]  [classpath + loader.0] file:/Users/mac/major_graph/neo4j-community/lib/caffeine-2.6.2.jar
2019-02-28 04:01:09.619+0000 INFO [o.n.i.d.DiagnosticsManager]  [classpath + loader.0] file:/Users/mac/major_graph/neo4j-community/lib/opencsv-2.3.jar
2019-02-28 04:01:09.619+0000 INFO [o.n.i.d.DiagnosticsManager]  [classpath + loader.0] file:/Users/mac/major_graph/neo4j-community/lib/neo4j-security-3.5.3.jar
2019-02-28 04:01:09.619+0000 INFO [o.n.i.d.DiagnosticsManager]  [classpath + loader.0] file:/Users/mac/major_graph/neo4j-community/lib/neo4j-unsafe-3.5.3.jar
2019-02-28 04:01:09.619+0000 INFO [o.n.i.d.DiagnosticsManager]  [classpath + loader.0] file:/Users/mac/major_graph/neo4j-community/lib/neo4j-fulltext-index-3.5.3.jar
2019-02-28 04:01:09.620+0000 INFO [o.n.i.d.DiagnosticsManager]  [classpath + loader.0] file:/Users/mac/major_graph/neo4j-community/lib/jackson-mapper-asl-1.9.13.jar
2019-02-28 04:01:09.620+0000 INFO [o.n.i.d.DiagnosticsManager]  [classpath + loader.0] file:/Users/mac/major_graph/neo4j-community/conf/
2019-02-28 04:01:09.620+0000 INFO [o.n.i.d.DiagnosticsManager]  [classpath + loader.0] file:/Users/mac/major_graph/neo4j-community/lib/neo4j-concurrent-3.5.3.jar
2019-02-28 04:01:09.620+0000 INFO [o.n.i.d.DiagnosticsManager]  [loader.1] file:/Library/Java/JavaVirtualMachines/jdk1.8.0_60.jdk/Contents/Home/jre/lib/ext/localedata.jar
2019-02-28 04:01:09.620+0000 INFO [o.n.i.d.DiagnosticsManager]  [bootstrap] /Library/Java/JavaVirtualMachines/jdk1.8.0_60.jdk/Contents/Home/jre/lib/charsets.jar
2019-02-28 04:01:09.620+0000 INFO [o.n.i.d.DiagnosticsManager]  [classpath + loader.0] file:/Users/mac/major_graph/neo4j-community/lib/jackson-jaxrs-1.9.13.jar
2019-02-28 04:01:09.620+0000 INFO [o.n.i.d.DiagnosticsManager]  [classpath + loader.0] file:/Users/mac/major_graph/neo4j-community/lib/javax.servlet-api-3.1.0.jar
2019-02-28 04:01:09.620+0000 INFO [o.n.i.d.DiagnosticsManager]  [classpath + loader.0] file:/Users/mac/major_graph/neo4j-community/lib/jaxb-api-2.3.0.jar
2019-02-28 04:01:09.620+0000 INFO [o.n.i.d.DiagnosticsManager]  [classpath + loader.0] file:/Users/mac/major_graph/neo4j-community/lib/commons-logging-1.1.1.jar
2019-02-28 04:01:09.620+0000 INFO [o.n.i.d.DiagnosticsManager]  [classpath + loader.0] file:/Users/mac/major_graph/neo4j-community/plugins/
2019-02-28 04:01:09.620+0000 INFO [o.n.i.d.DiagnosticsManager]  [classpath + loader.0] file:/Users/mac/major_graph/neo4j-community/lib/neo4j-spatial-index-3.5.3.jar
2019-02-28 04:01:09.620+0000 INFO [o.n.i.d.DiagnosticsManager]  [classpath + loader.0] file:/Users/mac/major_graph/neo4j-community/lib/neo4j-expressions-3.5-3.5.3.jar
2019-02-28 04:01:09.621+0000 INFO [o.n.i.d.DiagnosticsManager]  [classpath + loader.0] file:/Users/mac/major_graph/neo4j-community/lib/neo4j-cypher-frontend-2.3-2.3.12.jar
2019-02-28 04:01:09.621+0000 INFO [o.n.i.d.DiagnosticsManager]  [classpath + loader.0] file:/Users/mac/major_graph/neo4j-community/lib/neo4j-kernel-3.5.3.jar
2019-02-28 04:01:09.621+0000 INFO [o.n.i.d.DiagnosticsManager]  [classpath + loader.0] file:/Users/mac/major_graph/neo4j-community/lib/neo4j-dbms-3.5.3.jar
2019-02-28 04:01:09.621+0000 INFO [o.n.i.d.DiagnosticsManager]  [classpath + loader.0] file:/Users/mac/major_graph/neo4j-community/lib/jsr311-api-1.1.2.r612.jar
2019-02-28 04:01:09.621+0000 INFO [o.n.i.d.DiagnosticsManager]  [classpath + loader.0] file:/Users/mac/major_graph/neo4j-community/lib/neo4j-configuration-3.5.3.jar
2019-02-28 04:01:09.621+0000 INFO [o.n.i.d.DiagnosticsManager]  [classpath + loader.0] file:/Users/mac/major_graph/neo4j-community/lib/lucene-codecs-5.5.5.jar
2019-02-28 04:01:09.621+0000 INFO [o.n.i.d.DiagnosticsManager]  [classpath + loader.0] file:/Users/mac/major_graph/neo4j-community/lib/neo4j-cypher-util-3.4-3.4.12.jar
2019-02-28 04:01:09.621+0000 INFO [o.n.i.d.DiagnosticsManager]  [classpath + loader.0] file:/Users/mac/major_graph/neo4j-community/lib/neo4j-diagnostics-3.5.3.jar
2019-02-28 04:01:09.621+0000 INFO [o.n.i.d.DiagnosticsManager]  [classpath + loader.0] file:/Users/mac/major_graph/neo4j-community/lib/concurrentlinkedhashmap-lru-1.4.2.jar
2019-02-28 04:01:09.621+0000 INFO [o.n.i.d.DiagnosticsManager]  [classpath + loader.0] file:/Users/mac/major_graph/neo4j-community/lib/neo4j-jmx-3.5.3.jar
2019-02-28 04:01:09.621+0000 INFO [o.n.i.d.DiagnosticsManager]  [classpath + loader.0] file:/Users/mac/major_graph/neo4j-community/lib/neo4j-codegen-3.5.3.jar
2019-02-28 04:01:09.621+0000 INFO [o.n.i.d.DiagnosticsManager]  [classpath + loader.0] file:/Users/mac/major_graph/neo4j-community/lib/jersey-servlet-1.19.3.jar
2019-02-28 04:01:09.622+0000 INFO [o.n.i.d.DiagnosticsManager]  [bootstrap] /Library/Java/JavaVirtualMachines/jdk1.8.0_60.jdk/Contents/Home/jre/lib/resources.jar
2019-02-28 04:01:09.622+0000 INFO [o.n.i.d.DiagnosticsManager]  [classpath + loader.0] file:/Users/mac/major_graph/neo4j-community/lib/neo4j-graph-matching-3.1.9.jar
2019-02-28 04:01:09.622+0000 INFO [o.n.i.d.DiagnosticsManager]  [bootstrap] /Library/Java/JavaVirtualMachines/jdk1.8.0_60.jdk/Contents/Home/jre/lib/rt.jar
2019-02-28 04:01:09.622+0000 INFO [o.n.i.d.DiagnosticsManager]  [classpath + loader.0] file:/Users/mac/major_graph/neo4j-community/lib/jProcesses-1.6.4.jar
2019-02-28 04:01:09.622+0000 INFO [o.n.i.d.DiagnosticsManager]  [classpath + loader.0] file:/Users/mac/major_graph/neo4j-community/lib/neo4j-cypher-planner-spi-3.4-3.4.12.jar
2019-02-28 04:01:09.622+0000 INFO [o.n.i.d.DiagnosticsManager]  [classpath + loader.0] file:/Users/mac/major_graph/neo4j-community/lib/jetty-io-9.4.11.v20180605.jar
2019-02-28 04:01:09.622+0000 INFO [o.n.i.d.DiagnosticsManager]  [loader.1] file:/Library/Java/JavaVirtualMachines/jdk1.8.0_60.jdk/Contents/Home/jre/lib/ext/sunjce_provider.jar
2019-02-28 04:01:09.622+0000 INFO [o.n.i.d.DiagnosticsManager]  [loader.1] file:/Library/Java/JavaVirtualMachines/jdk1.8.0_60.jdk/Contents/Home/jre/lib/ext/sunec.jar
2019-02-28 04:01:09.622+0000 INFO [o.n.i.d.DiagnosticsManager]  [classpath + loader.0] file:/Users/mac/major_graph/neo4j-community/lib/stax-ex-1.7.8.jar
2019-02-28 04:01:09.622+0000 INFO [o.n.i.d.DiagnosticsManager]  [classpath + loader.0] file:/Users/mac/major_graph/neo4j-community/lib/jaxb-runtime-2.3.0.1.jar
2019-02-28 04:01:09.622+0000 INFO [o.n.i.d.DiagnosticsManager]  [classpath + loader.0] file:/Users/mac/major_graph/neo4j-community/lib/netty-all-4.1.32.Final.jar
2019-02-28 04:01:09.623+0000 INFO [o.n.i.d.DiagnosticsManager]  [classpath + loader.0] file:/Users/mac/major_graph/neo4j-community/lib/FastInfoset-1.2.13.jar
2019-02-28 04:01:09.623+0000 INFO [o.n.i.d.DiagnosticsManager]  [classpath + loader.0] file:/Users/mac/major_graph/neo4j-community/lib/neo4j-data-collector-3.5.3.jar
2019-02-28 04:01:09.623+0000 INFO [o.n.i.d.DiagnosticsManager]  [classpath + loader.0] file:/Users/mac/major_graph/neo4j-community/lib/neo4j-lucene-index-3.5.3.jar
2019-02-28 04:01:09.623+0000 INFO [o.n.i.d.DiagnosticsManager]  [classpath + loader.0] file:/Users/mac/major_graph/neo4j-community/lib/commons-lang-2.6.jar
2019-02-28 04:01:09.623+0000 INFO [o.n.i.d.DiagnosticsManager]  [classpath + loader.0] file:/Users/mac/major_graph/neo4j-community/lib/scala-library-2.11.12.jar
2019-02-28 04:01:09.623+0000 INFO [o.n.i.d.DiagnosticsManager]  [classpath + loader.0] file:/Users/mac/major_graph/neo4j-community/lib/neo4j-cypher-compiler-3.1-3.1.9.jar
2019-02-28 04:01:09.623+0000 INFO [o.n.i.d.DiagnosticsManager]  [classpath + loader.0] file:/Users/mac/major_graph/neo4j-community/lib/neo4j-cypher-planner-spi-3.5-3.5.3.jar
2019-02-28 04:01:09.623+0000 INFO [o.n.i.d.DiagnosticsManager]  [classpath + loader.0] file:/Users/mac/major_graph/neo4j-community/lib/neo4j-procedure-api-3.5.3.jar
2019-02-28 04:01:09.623+0000 INFO [o.n.i.d.DiagnosticsManager]  [classpath + loader.0] file:/Users/mac/major_graph/neo4j-community/lib/parboiled-core-1.1.7.jar
2019-02-28 04:01:09.623+0000 INFO [o.n.i.d.DiagnosticsManager]  [classpath + loader.0] file:/Users/mac/major_graph/neo4j-community/lib/neo4j-cypher-compiler-2.3-2.3.12.jar
2019-02-28 04:01:09.623+0000 INFO [o.n.i.d.DiagnosticsManager]  [classpath + loader.0] file:/Users/mac/major_graph/neo4j-community/lib/neo4j-resource-3.5.3.jar
2019-02-28 04:01:09.623+0000 INFO [o.n.i.d.DiagnosticsManager]  [classpath + loader.0] file:/Users/mac/major_graph/neo4j-community/lib/neo4j-cypher-ir-3.5-3.5.3.jar
2019-02-28 04:01:09.623+0000 INFO [o.n.i.d.DiagnosticsManager]  [classpath + loader.0] file:/Users/mac/major_graph/neo4j-community/lib/commons-io-2.6.jar
2019-02-28 04:01:09.623+0000 INFO [o.n.i.d.DiagnosticsManager]  [classpath + loader.0] file:/Users/mac/major_graph/neo4j-community/lib/neo4j-udc-3.5.3.jar
2019-02-28 04:01:09.623+0000 INFO [o.n.i.d.DiagnosticsManager]  [classpath + loader.0] file:/Users/mac/major_graph/neo4j-community/lib/neo4j-browser-3.2.16.jar
2019-02-28 04:01:09.624+0000 INFO [o.n.i.d.DiagnosticsManager]  [classpath + loader.0] file:/Users/mac/major_graph/neo4j-community/lib/jetty-xml-9.4.11.v20180605.jar
2019-02-28 04:01:09.624+0000 INFO [o.n.i.d.DiagnosticsManager]  [loader.1] file:/Library/Java/JavaVirtualMachines/jdk1.8.0_60.jdk/Contents/Home/jre/lib/ext/cldrdata.jar
2019-02-28 04:01:09.624+0000 INFO [o.n.i.d.DiagnosticsManager]  [classpath + loader.0] file:/Users/mac/major_graph/neo4j-community/lib/lucene-core-5.5.5.jar
2019-02-28 04:01:09.624+0000 INFO [o.n.i.d.DiagnosticsManager]  [classpath + loader.0] file:/Users/mac/major_graph/neo4j-community/lib/neo4j-cypher-expression-3.4-3.4.12.jar
2019-02-28 04:01:09.624+0000 INFO [o.n.i.d.DiagnosticsManager]  [classpath + loader.0] file:/Users/mac/major_graph/neo4j-community/lib/neo4j-collections-3.5.3.jar
2019-02-28 04:01:09.624+0000 INFO [o.n.i.d.DiagnosticsManager]  [classpath + loader.0] file:/Users/mac/major_graph/neo4j-community/lib/neo4j-cypher-planner-3.5-3.5.3.jar
2019-02-28 04:01:09.624+0000 INFO [o.n.i.d.DiagnosticsManager]  [classpath + loader.0] file:/Users/mac/major_graph/neo4j-community/lib/scala-reflect-2.11.12.jar
2019-02-28 04:01:09.624+0000 INFO [o.n.i.d.DiagnosticsManager]  [classpath + loader.0] file:/Users/mac/major_graph/neo4j-community/lib/parboiled-scala_2.11-1.1.7.jar
2019-02-28 04:01:09.624+0000 INFO [o.n.i.d.DiagnosticsManager]  [bootstrap] /Library/Java/JavaVirtualMachines/jdk1.8.0_60.jdk/Contents/Home/jre/lib/jce.jar
2019-02-28 04:01:09.624+0000 INFO [o.n.i.d.DiagnosticsManager]  [classpath + loader.0] file:/Users/mac/major_graph/neo4j-community/lib/jetty-webapp-9.4.11.v20180605.jar
2019-02-28 04:01:09.624+0000 INFO [o.n.i.d.DiagnosticsManager]  [classpath + loader.0] file:/Users/mac/major_graph/neo4j-community/lib/neo4j-cypher-ir-3.4-3.4.12.jar
2019-02-28 04:01:09.624+0000 INFO [o.n.i.d.DiagnosticsManager]  [classpath + loader.0] file:/Users/mac/major_graph/neo4j-community/lib/neo4j-io-3.5.3.jar
2019-02-28 04:01:09.624+0000 INFO [o.n.i.d.DiagnosticsManager]  [classpath + loader.0] file:/Users/mac/major_graph/neo4j-community/lib/commons-configuration-1.10.jar
2019-02-28 04:01:09.624+0000 INFO [o.n.i.d.DiagnosticsManager]  [classpath + loader.0] file:/Users/mac/major_graph/neo4j-community/lib/neo4j-bolt-3.5.3.jar
2019-02-28 04:01:09.624+0000 INFO [o.n.i.d.DiagnosticsManager]  [classpath + loader.0] file:/Users/mac/major_graph/neo4j-community/lib/jetty-util-9.4.11.v20180605.jar
2019-02-28 04:01:09.624+0000 INFO [o.n.i.d.DiagnosticsManager]  [classpath + loader.0] file:/Users/mac/major_graph/neo4j-community/lib/commons-compress-1.18.jar
2019-02-28 04:01:09.625+0000 INFO [o.n.i.d.DiagnosticsManager]  [classpath + loader.0] file:/Users/mac/major_graph/neo4j-community/lib/neo4j-import-tool-3.5.3.jar
2019-02-28 04:01:09.625+0000 INFO [o.n.i.d.DiagnosticsManager]  [classpath + loader.0] file:/Users/mac/major_graph/neo4j-community/lib/neo4j-ast-3.5-3.5.3.jar
2019-02-28 04:01:09.625+0000 INFO [o.n.i.d.DiagnosticsManager]  [loader.1] file:/System/Library/Java/Extensions/MRJToolkit.jar
2019-02-28 04:01:09.625+0000 INFO [o.n.i.d.DiagnosticsManager]  [classpath + loader.0] file:/Users/mac/major_graph/neo4j-community/lib/neo4j-kernel-api-3.5.3.jar
2019-02-28 04:01:09.625+0000 INFO [o.n.i.d.DiagnosticsManager]  [classpath + loader.0] file:/Users/mac/major_graph/neo4j-community/lib/neo4j-legacy-3.5.3.jar
2019-02-28 04:01:09.625+0000 INFO [o.n.i.d.DiagnosticsManager]  [classpath + loader.0] file:/Users/mac/major_graph/neo4j-community/lib/lucene-analyzers-common-5.5.5.jar
2019-02-28 04:01:09.625+0000 INFO [o.n.i.d.DiagnosticsManager]  [classpath + loader.0] file:/Users/mac/major_graph/neo4j-community/lib/neo4j-rewriting-3.5-3.5.3.jar
2019-02-28 04:01:09.625+0000 INFO [o.n.i.d.DiagnosticsManager]  [classpath + loader.0] file:/Users/mac/major_graph/neo4j-community/lib/neo4j-cypher-planner-3.4-3.4.12.jar
2019-02-28 04:01:09.625+0000 INFO [o.n.i.d.DiagnosticsManager]  [classpath + loader.0] file:/Users/mac/major_graph/neo4j-community/lib/neo4j-consistency-check-3.5.3.jar
2019-02-28 04:01:09.625+0000 INFO [o.n.i.d.DiagnosticsManager]  [classpath + loader.0] file:/Users/mac/major_graph/neo4j-community/lib/jetty-servlet-9.4.11.v20180605.jar
2019-02-28 04:01:09.625+0000 INFO [o.n.i.d.DiagnosticsManager]  [classpath + loader.0] file:/Users/mac/major_graph/neo4j-community/lib/activation-1.1.1.jar
2019-02-28 04:01:09.625+0000 INFO [o.n.i.d.DiagnosticsManager]  [classpath + loader.0] file:/Users/mac/major_graph/neo4j-community/lib/neo4j-graphdb-api-3.5.3.jar
2019-02-28 04:01:09.625+0000 INFO [o.n.i.d.DiagnosticsManager]  [classpath + loader.0] file:/Users/mac/major_graph/neo4j-community/lib/neo4j-graph-algo-3.5.3.jar
2019-02-28 04:01:09.625+0000 INFO [o.n.i.d.DiagnosticsManager]  [classpath + loader.0] file:/Users/mac/major_graph/neo4j-community/lib/jetty-server-9.4.11.v20180605.jar
2019-02-28 04:01:09.625+0000 INFO [o.n.i.d.DiagnosticsManager]  [classpath + loader.0] file:/Users/mac/major_graph/neo4j-community/lib/eclipse-collections-9.2.0.jar
2019-02-28 04:01:09.625+0000 INFO [o.n.i.d.DiagnosticsManager]  [loader.1] file:/Library/Java/JavaVirtualMachines/jdk1.8.0_60.jdk/Contents/Home/jre/lib/ext/jfxrt.jar
2019-02-28 04:01:09.626+0000 INFO [o.n.i.d.DiagnosticsManager]  [classpath + loader.0] file:/Users/mac/major_graph/neo4j-community/lib/server-api-3.5.3.jar
2019-02-28 04:01:09.626+0000 INFO [o.n.i.d.DiagnosticsManager]  [classpath + loader.0] file:/Users/mac/major_graph/neo4j-community/lib/txw2-2.3.0.1.jar
2019-02-28 04:01:09.626+0000 INFO [o.n.i.d.DiagnosticsManager]  [classpath + loader.0] file:/Users/mac/major_graph/neo4j-community/lib/neo4j-ssl-3.5.3.jar
2019-02-28 04:01:09.626+0000 INFO [o.n.i.d.DiagnosticsManager]  [classpath + loader.0] file:/Users/mac/major_graph/neo4j-community/lib/jersey-core-1.19.3.jar
2019-02-28 04:01:09.626+0000 INFO [o.n.i.d.DiagnosticsManager]  [classpath + loader.0] file:/Users/mac/major_graph/neo4j-community/lib/neo4j-3.5.3.jar
2019-02-28 04:01:09.626+0000 INFO [o.n.i.d.DiagnosticsManager]  [loader.1] file:/Library/Java/JavaVirtualMachines/jdk1.8.0_60.jdk/Contents/Home/jre/lib/ext/dnsns.jar
2019-02-28 04:01:09.626+0000 INFO [o.n.i.d.DiagnosticsManager]  [classpath + loader.0] file:/Users/mac/major_graph/neo4j-community/lib/neo4j-server-3.5.3.jar
2019-02-28 04:01:09.626+0000 INFO [o.n.i.d.DiagnosticsManager]  [classpath + loader.0] file:/Users/mac/major_graph/neo4j-community/lib/neo4j-logging-3.5.3.jar
2019-02-28 04:01:09.626+0000 INFO [o.n.i.d.DiagnosticsManager]  [bootstrap] /Library/Java/JavaVirtualMachines/jdk1.8.0_60.jdk/Contents/Home/jre/lib/sunrsasign.jar
2019-02-28 04:01:09.626+0000 INFO [o.n.i.d.DiagnosticsManager]  [loader.1] file:/Library/Java/JavaVirtualMachines/jdk1.8.0_60.jdk/Contents/Home/jre/lib/ext/jaccess.jar
2019-02-28 04:01:09.626+0000 INFO [o.n.i.d.DiagnosticsManager]  [classpath + loader.0] file:/Users/mac/major_graph/neo4j-community/lib/neo4j-index-3.5.3.jar
2019-02-28 04:01:09.626+0000 INFO [o.n.i.d.DiagnosticsManager]  [classpath + loader.0] file:/Users/mac/major_graph/neo4j-community/lib/lucene-queryparser-5.5.5.jar
2019-02-28 04:01:09.626+0000 INFO [o.n.i.d.DiagnosticsManager]  [classpath + loader.0] file:/Users/mac/major_graph/neo4j-community/lib/jPowerShell-1.9.jar
2019-02-28 04:01:09.626+0000 INFO [o.n.i.d.DiagnosticsManager]  [classpath + loader.0] file:/Users/mac/major_graph/neo4j-community/lib/neo4j-command-line-3.5.3.jar
2019-02-28 04:01:09.627+0000 INFO [o.n.i.d.DiagnosticsManager]  [classpath + loader.0] file:/Users/mac/major_graph/neo4j-community/lib/jackson-core-asl-1.9.13.jar
2019-02-28 04:01:09.627+0000 INFO [o.n.i.d.DiagnosticsManager]  [classpath + loader.0] file:/Users/mac/major_graph/neo4j-community/lib/neo4j-cypher-logical-plans-3.5-3.5.3.jar
2019-02-28 04:01:09.627+0000 INFO [o.n.i.d.DiagnosticsManager]  [classpath + loader.0] file:/Users/mac/major_graph/neo4j-community/lib/WMI4Java-1.6.1.jar
2019-02-28 04:01:09.627+0000 INFO [o.n.i.d.DiagnosticsManager]  [classpath + loader.0] file:/Users/mac/major_graph/neo4j-community/lib/neo4j-cypher-logical-plans-3.4-3.4.12.jar
2019-02-28 04:01:09.627+0000 INFO [o.n.i.d.DiagnosticsManager]  [loader.1] file:/Library/Java/JavaVirtualMachines/jdk1.8.0_60.jdk/Contents/Home/jre/lib/ext/zipfs.jar
2019-02-28 04:01:09.627+0000 INFO [o.n.i.d.DiagnosticsManager]  [classpath + loader.0] file:/Users/mac/major_graph/neo4j-community/lib/istack-commons-runtime-3.0.5.jar
2019-02-28 04:01:09.627+0000 INFO [o.n.i.d.DiagnosticsManager]  [classpath + loader.0] file:/Users/mac/major_graph/neo4j-community/lib/neo4j-cypher-interpreted-runtime-3.5.3.jar
2019-02-28 04:01:09.627+0000 INFO [o.n.i.d.DiagnosticsManager]  [classpath + loader.0] file:/Users/mac/major_graph/neo4j-community/lib/bcpkix-jdk15on-1.60.jar
2019-02-28 04:01:09.627+0000 INFO [o.n.i.d.DiagnosticsManager]  [loader.1] file:/Library/Java/JavaVirtualMachines/jdk1.8.0_60.jdk/Contents/Home/jre/lib/ext/sunpkcs11.jar
2019-02-28 04:01:09.627+0000 INFO [o.n.i.d.DiagnosticsManager] Library path:
2019-02-28 04:01:09.627+0000 INFO [o.n.i.d.DiagnosticsManager] /Users/mac/Library/Java/Extensions
2019-02-28 04:01:09.628+0000 INFO [o.n.i.d.DiagnosticsManager] /Library/Java/Extensions
2019-02-28 04:01:09.628+0000 INFO [o.n.i.d.DiagnosticsManager] /Network/Library/Java/Extensions
2019-02-28 04:01:09.628+0000 INFO [o.n.i.d.DiagnosticsManager] /System/Library/Java/Extensions
2019-02-28 04:01:09.628+0000 INFO [o.n.i.d.DiagnosticsManager] /usr/lib/java
2019-02-28 04:01:09.628+0000 INFO [o.n.i.d.DiagnosticsManager] /Users/mac/major_graph/neo4j-community
2019-02-28 04:01:09.628+0000 INFO [o.n.i.d.DiagnosticsManager] System.properties:
2019-02-28 04:01:09.629+0000 INFO [o.n.i.d.DiagnosticsManager] sun.boot.library.path = /Library/Java/JavaVirtualMachines/jdk1.8.0_60.jdk/Contents/Home/jre/lib
2019-02-28 04:01:09.629+0000 INFO [o.n.i.d.DiagnosticsManager] jdk.tls.rejectClientInitiatedRenegotiation = true
2019-02-28 04:01:09.629+0000 INFO [o.n.i.d.DiagnosticsManager] user.country.format = CN
2019-02-28 04:01:09.629+0000 INFO [o.n.i.d.DiagnosticsManager] gopherProxySet = false
2019-02-28 04:01:09.629+0000 INFO [o.n.i.d.DiagnosticsManager] path.separator = :
2019-02-28 04:01:09.629+0000 INFO [o.n.i.d.DiagnosticsManager] file.encoding.pkg = sun.io
2019-02-28 04:01:09.630+0000 INFO [o.n.i.d.DiagnosticsManager] user.country = US
2019-02-28 04:01:09.630+0000 INFO [o.n.i.d.DiagnosticsManager] sun.java.launcher = SUN_STANDARD
2019-02-28 04:01:09.630+0000 INFO [o.n.i.d.DiagnosticsManager] sun.os.patch.level = unknown
2019-02-28 04:01:09.630+0000 INFO [o.n.i.d.DiagnosticsManager] user.dir = /Users/mac/major_graph/neo4j-community
2019-02-28 04:01:09.630+0000 INFO [o.n.i.d.DiagnosticsManager] sun.jnu.encoding = UTF-8
2019-02-28 04:01:09.630+0000 INFO [o.n.i.d.DiagnosticsManager] unsupported.dbms.udc.source = tarball
2019-02-28 04:01:09.630+0000 INFO [o.n.i.d.DiagnosticsManager] sun.management.compiler = HotSpot 64-Bit Tiered Compilers
2019-02-28 04:01:09.630+0000 INFO [o.n.i.d.DiagnosticsManager] http.nonProxyHosts = local|*.local|169.254/16|*.169.254/16
2019-02-28 04:01:09.630+0000 INFO [o.n.i.d.DiagnosticsManager] user.home = /Users/mac
2019-02-28 04:01:09.630+0000 INFO [o.n.i.d.DiagnosticsManager] user.timezone = Asia/Shanghai
2019-02-28 04:01:09.630+0000 INFO [o.n.i.d.DiagnosticsManager] file.encoding = UTF-8
2019-02-28 04:01:09.631+0000 INFO [o.n.i.d.DiagnosticsManager] user.name = Jipeng
2019-02-28 04:01:09.631+0000 INFO [o.n.i.d.DiagnosticsManager] sun.java.command = org.neo4j.server.CommunityEntryPoint --home-dir=/Users/mac/major_graph/neo4j-community --config-dir=/Users/mac/major_graph/neo4j-community/conf
2019-02-28 04:01:09.631+0000 INFO [o.n.i.d.DiagnosticsManager] sun.arch.data.model = 64
2019-02-28 04:01:09.631+0000 INFO [o.n.i.d.DiagnosticsManager] user.language = en
2019-02-28 04:01:09.631+0000 INFO [o.n.i.d.DiagnosticsManager] awt.toolkit = sun.lwawt.macosx.LWCToolkit
2019-02-28 04:01:09.631+0000 INFO [o.n.i.d.DiagnosticsManager] jdk.tls.ephemeralDHKeySize = 2048
2019-02-28 04:01:09.631+0000 INFO [o.n.i.d.DiagnosticsManager] file.separator = /
2019-02-28 04:01:09.631+0000 INFO [o.n.i.d.DiagnosticsManager] sun.io.unicode.encoding = UnicodeBig
2019-02-28 04:01:09.631+0000 INFO [o.n.i.d.DiagnosticsManager] sun.cpu.endian = little
2019-02-28 04:01:09.631+0000 INFO [o.n.i.d.DiagnosticsManager] socksNonProxyHosts = local|*.local|169.254/16|*.169.254/16
2019-02-28 04:01:09.632+0000 INFO [o.n.i.d.DiagnosticsManager] ftp.nonProxyHosts = local|*.local|169.254/16|*.169.254/16
2019-02-28 04:01:09.632+0000 INFO [o.n.i.d.DiagnosticsManager] sun.cpu.isalist = 
2019-02-28 04:01:09.632+0000 INFO [o.n.i.d.DiagnosticsManager] (IANA) TimeZone Database Version:
2019-02-28 04:01:09.693+0000 INFO [o.n.i.d.DiagnosticsManager]   TimeZone version: 2015e (available for 589 zone identifiers)
2019-02-28 04:01:09.693+0000 INFO [o.n.i.d.DiagnosticsManager] Network information:
2019-02-28 04:01:09.709+0000 INFO [o.n.i.d.DiagnosticsManager] Interface utun0:
2019-02-28 04:01:09.710+0000 INFO [o.n.i.d.DiagnosticsManager]     address: fe80:0:0:0:3946:25c:fc3e:ebad%utun0
2019-02-28 04:01:09.710+0000 INFO [o.n.i.d.DiagnosticsManager] Interface awdl0:
2019-02-28 04:01:09.710+0000 INFO [o.n.i.d.DiagnosticsManager]     address: fe80:0:0:0:18b8:7bff:fea0:8d0%awdl0
2019-02-28 04:01:09.710+0000 INFO [o.n.i.d.DiagnosticsManager] Interface en0:
2019-02-28 04:01:09.710+0000 INFO [o.n.i.d.DiagnosticsManager]     address: 2001:da8:7000:1069:0:0:0:7c95
2019-02-28 04:01:09.710+0000 INFO [o.n.i.d.DiagnosticsManager]     address: fe80:0:0:0:149a:dc7b:6518:fef1%en0
2019-02-28 04:01:09.711+0000 INFO [o.n.i.d.DiagnosticsManager]     address: 10.17.190.174
2019-02-28 04:01:09.711+0000 INFO [o.n.i.d.DiagnosticsManager] Interface lo0:
2019-02-28 04:01:09.711+0000 INFO [o.n.i.d.DiagnosticsManager]     address: fe80:0:0:0:0:0:0:1%lo0
2019-02-28 04:01:09.711+0000 INFO [o.n.i.d.DiagnosticsManager]     address: 0:0:0:0:0:0:0:1
2019-02-28 04:01:09.711+0000 INFO [o.n.i.d.DiagnosticsManager]     address: 127.0.0.1
2019-02-28 04:01:09.711+0000 INFO [o.n.i.d.DiagnosticsManager] --- INITIALIZED diagnostics END ---
2019-02-28 04:01:10.472+0000 INFO [o.n.k.i.s.f.RecordFormatSelector] Selected format 'RecordFormat:StandardV3_4[v0.A.9]' for the new store
2019-02-28 04:01:11.505+0000 INFO [o.n.k.i.i.l.NativeLabelScanStore] No label index found, this might just be first use. Preparing to rebuild.
2019-02-28 04:01:11.562+0000 INFO [o.n.k.NeoStoreDataSource] Rotated to transaction log [/Users/mac/major_graph/neo4j-community/data/databases/graph.db/neostore.transaction.db.0] version=0, last transaction in previous log=1
2019-02-28 04:01:11.564+0000 INFO [o.n.k.NeoStoreDataSource] No commits found after last check point (which is at <no log position given>)
2019-02-28 04:01:11.575+0000 WARN [o.n.k.i.s.MetaDataStore] Missing counts store, rebuilding it.
2019-02-28 04:01:11.590+0000 WARN [o.n.k.i.s.MetaDataStore] Counts store rebuild completed.
2019-02-28 04:01:11.622+0000 INFO [o.n.k.i.i.l.NativeLabelScanStore] Rebuilding label index, this may take a while
2019-02-28 04:01:11.643+0000 INFO [o.n.k.i.i.l.NativeLabelScanStore] Label index rebuilt (roughly 0 nodes)
2019-02-28 04:01:11.653+0000 INFO [o.n.i.d.DiagnosticsManager] --- STARTED diagnostics for KernelDiagnostics:Versions START ---
2019-02-28 04:01:11.653+0000 INFO [o.n.i.d.DiagnosticsManager] Graph Database: community single StoreId{creationTime=1551326470741, randomId=7430305728590626758, storeVersion=16094931155187206, upgradeTime=1551326470741, upgradeId=1}
2019-02-28 04:01:11.654+0000 INFO [o.n.i.d.DiagnosticsManager] Kernel version: 3.5.3,352576e6bd75ad8c1a0a8a43b3f5f7a0b3882410
2019-02-28 04:01:11.654+0000 INFO [o.n.i.d.DiagnosticsManager] --- STARTED diagnostics for KernelDiagnostics:Versions END ---
2019-02-28 04:01:11.659+0000 INFO [o.n.i.d.DiagnosticsManager] --- STARTED diagnostics for NEO_STORE_VERSIONS START ---
2019-02-28 04:01:11.659+0000 INFO [o.n.i.d.DiagnosticsManager] Store versions:
2019-02-28 04:01:11.660+0000 INFO [o.n.i.d.DiagnosticsManager]   ArrayPropertyStore v0.A.9
2019-02-28 04:01:11.660+0000 INFO [o.n.i.d.DiagnosticsManager]   NodeStore v0.A.9
2019-02-28 04:01:11.660+0000 INFO [o.n.i.d.DiagnosticsManager]   StringPropertyStore v0.A.9
2019-02-28 04:01:11.660+0000 INFO [o.n.i.d.DiagnosticsManager]   PropertyIndexStore v0.A.9
2019-02-28 04:01:11.661+0000 INFO [o.n.i.d.DiagnosticsManager]   StringPropertyStore v0.A.9
2019-02-28 04:01:11.661+0000 INFO [o.n.i.d.DiagnosticsManager]   ArrayPropertyStore v0.A.9
2019-02-28 04:01:11.661+0000 INFO [o.n.i.d.DiagnosticsManager]   PropertyStore v0.A.9
2019-02-28 04:01:11.661+0000 INFO [o.n.i.d.DiagnosticsManager]   RelationshipStore v0.A.9
2019-02-28 04:01:11.661+0000 INFO [o.n.i.d.DiagnosticsManager]   StringPropertyStore v0.A.9
2019-02-28 04:01:11.661+0000 INFO [o.n.i.d.DiagnosticsManager]   RelationshipTypeStore v0.A.9
2019-02-28 04:01:11.662+0000 INFO [o.n.i.d.DiagnosticsManager]   StringPropertyStore v0.A.9
2019-02-28 04:01:11.662+0000 INFO [o.n.i.d.DiagnosticsManager]   LabelTokenStore v0.A.9
2019-02-28 04:01:11.662+0000 INFO [o.n.i.d.DiagnosticsManager]   SchemaStore v0.A.9
2019-02-28 04:01:11.662+0000 INFO [o.n.i.d.DiagnosticsManager]   RelationshipGroupStore v0.A.9
2019-02-28 04:01:11.662+0000 INFO [o.n.i.d.DiagnosticsManager]   NeoStore v0.A.9
2019-02-28 04:01:11.662+0000 INFO [o.n.i.d.DiagnosticsManager] --- STARTED diagnostics for NEO_STORE_VERSIONS END ---
2019-02-28 04:01:11.662+0000 INFO [o.n.i.d.DiagnosticsManager] --- STARTED diagnostics for NEO_STORE_ID_USAGE START ---
2019-02-28 04:01:11.663+0000 INFO [o.n.i.d.DiagnosticsManager] Id usage:
2019-02-28 04:01:11.663+0000 INFO [o.n.i.d.DiagnosticsManager]   ArrayPropertyStore: used=1 high=0
2019-02-28 04:01:11.663+0000 INFO [o.n.i.d.DiagnosticsManager]   NodeStore: used=0 high=-1
2019-02-28 04:01:11.664+0000 INFO [o.n.i.d.DiagnosticsManager]   StringPropertyStore: used=1 high=0
2019-02-28 04:01:11.664+0000 INFO [o.n.i.d.DiagnosticsManager]   PropertyIndexStore: used=0 high=-1
2019-02-28 04:01:11.664+0000 INFO [o.n.i.d.DiagnosticsManager]   StringPropertyStore: used=1 high=0
2019-02-28 04:01:11.664+0000 INFO [o.n.i.d.DiagnosticsManager]   ArrayPropertyStore: used=1 high=0
2019-02-28 04:01:11.664+0000 INFO [o.n.i.d.DiagnosticsManager]   PropertyStore: used=0 high=-1
2019-02-28 04:01:11.664+0000 INFO [o.n.i.d.DiagnosticsManager]   RelationshipStore: used=0 high=-1
2019-02-28 04:01:11.664+0000 INFO [o.n.i.d.DiagnosticsManager]   StringPropertyStore: used=1 high=0
2019-02-28 04:01:11.664+0000 INFO [o.n.i.d.DiagnosticsManager]   RelationshipTypeStore: used=0 high=-1
2019-02-28 04:01:11.665+0000 INFO [o.n.i.d.DiagnosticsManager]   StringPropertyStore: used=1 high=0
2019-02-28 04:01:11.665+0000 INFO [o.n.i.d.DiagnosticsManager]   LabelTokenStore: used=0 high=-1
2019-02-28 04:01:11.665+0000 INFO [o.n.i.d.DiagnosticsManager]   SchemaStore: used=1 high=0
2019-02-28 04:01:11.665+0000 INFO [o.n.i.d.DiagnosticsManager]   RelationshipGroupStore: used=1 high=0
2019-02-28 04:01:11.665+0000 INFO [o.n.i.d.DiagnosticsManager]   NeoStore: used=15 high=14
2019-02-28 04:01:11.665+0000 INFO [o.n.i.d.DiagnosticsManager] --- STARTED diagnostics for NEO_STORE_ID_USAGE END ---
2019-02-28 04:01:11.666+0000 INFO [o.n.i.d.DiagnosticsManager] --- STARTED diagnostics for NEO_STORE_RECORDS START ---
2019-02-28 04:01:11.666+0000 INFO [o.n.i.d.DiagnosticsManager] Neostore records:
2019-02-28 04:01:11.667+0000 INFO [o.n.i.d.DiagnosticsManager] TIME (Creation time): 1551326470741
2019-02-28 04:01:11.667+0000 INFO [o.n.i.d.DiagnosticsManager] RANDOM_NUMBER (Random number for store id): 7430305728590626758
2019-02-28 04:01:11.667+0000 INFO [o.n.i.d.DiagnosticsManager] LOG_VERSION (Current log version): 0
2019-02-28 04:01:11.667+0000 INFO [o.n.i.d.DiagnosticsManager] LAST_TRANSACTION_ID (Last committed transaction): 1
2019-02-28 04:01:11.667+0000 INFO [o.n.i.d.DiagnosticsManager] STORE_VERSION (Store format version): 16094931155187206
2019-02-28 04:01:11.667+0000 INFO [o.n.i.d.DiagnosticsManager] FIRST_GRAPH_PROPERTY (First property record containing graph properties): -1
2019-02-28 04:01:11.667+0000 INFO [o.n.i.d.DiagnosticsManager] LAST_CONSTRAINT_TRANSACTION (Last committed transaction containing constraint changes): 0
2019-02-28 04:01:11.668+0000 INFO [o.n.i.d.DiagnosticsManager] UPGRADE_TRANSACTION_ID (Transaction id most recent upgrade was performed at): 1
2019-02-28 04:01:11.668+0000 INFO [o.n.i.d.DiagnosticsManager] UPGRADE_TIME (Time of last upgrade): 1551326470741
2019-02-28 04:01:11.668+0000 INFO [o.n.i.d.DiagnosticsManager] LAST_TRANSACTION_CHECKSUM (Checksum of last committed transaction): 0
2019-02-28 04:01:11.668+0000 INFO [o.n.i.d.DiagnosticsManager] UPGRADE_TRANSACTION_CHECKSUM (Checksum of transaction id the most recent upgrade was performed at): 0
2019-02-28 04:01:11.668+0000 INFO [o.n.i.d.DiagnosticsManager] LAST_CLOSED_TRANSACTION_LOG_VERSION (Log version where the last transaction commit entry has been written into): 0
2019-02-28 04:01:11.668+0000 INFO [o.n.i.d.DiagnosticsManager] LAST_CLOSED_TRANSACTION_LOG_BYTE_OFFSET (Byte offset in the log file where the last transaction commit entry has been written into): 16
2019-02-28 04:01:11.668+0000 INFO [o.n.i.d.DiagnosticsManager] LAST_TRANSACTION_COMMIT_TIMESTAMP (Commit time timestamp for last committed transaction): 0
2019-02-28 04:01:11.669+0000 INFO [o.n.i.d.DiagnosticsManager] UPGRADE_TRANSACTION_COMMIT_TIMESTAMP (Commit timestamp of transaction the most recent upgrade was performed at): 0
2019-02-28 04:01:11.669+0000 INFO [o.n.i.d.DiagnosticsManager] --- STARTED diagnostics for NEO_STORE_RECORDS END ---
2019-02-28 04:01:11.671+0000 INFO [o.n.i.d.DiagnosticsManager] --- STARTED diagnostics for TRANSACTION_RANGE START ---
2019-02-28 04:01:11.671+0000 INFO [o.n.i.d.DiagnosticsManager] Transaction log:
2019-02-28 04:01:11.672+0000 INFO [o.n.i.d.DiagnosticsManager] No transactions found in any log
2019-02-28 04:01:11.672+0000 INFO [o.n.i.d.DiagnosticsManager] --- STARTED diagnostics for TRANSACTION_RANGE END ---
2019-02-28 04:01:11.685+0000 INFO [o.n.i.d.DiagnosticsManager] --- STARTED diagnostics for KernelDiagnostics:StoreFiles START ---
2019-02-28 04:01:11.686+0000 INFO [o.n.i.d.DiagnosticsManager] Disk space on partition (Total / Free / Free %): 176300642304 / 27511279616 / 15
2019-02-28 04:01:11.686+0000 INFO [o.n.i.d.DiagnosticsManager] Storage files: (filename : modification date - size)
2019-02-28 04:01:11.692+0000 INFO [o.n.i.d.DiagnosticsManager]   index:
2019-02-28 04:01:11.694+0000 INFO [o.n.i.d.DiagnosticsManager]   - Total: 2019-02-28T12:01:11+0800 - 0.00 B
2019-02-28 04:01:11.695+0000 INFO [o.n.i.d.DiagnosticsManager]   neostore: 2019-02-28T12:01:10+0800 - 8.00 kB
2019-02-28 04:01:11.695+0000 INFO [o.n.i.d.DiagnosticsManager]   neostore.counts.db.a: 2019-02-28T12:01:11+0800 - 96.00 B
2019-02-28 04:01:11.696+0000 INFO [o.n.i.d.DiagnosticsManager]   neostore.id: 2019-02-28T12:01:10+0800 - 9.00 B
2019-02-28 04:01:11.696+0000 INFO [o.n.i.d.DiagnosticsManager]   neostore.labelscanstore.db: 2019-02-28T12:01:11+0800 - 40.00 kB
2019-02-28 04:01:11.696+0000 INFO [o.n.i.d.DiagnosticsManager]   neostore.labeltokenstore.db: 2019-02-28T12:01:10+0800 - 0.00 B
2019-02-28 04:01:11.697+0000 INFO [o.n.i.d.DiagnosticsManager]   neostore.labeltokenstore.db.id: 2019-02-28T12:01:10+0800 - 9.00 B
2019-02-28 04:01:11.697+0000 INFO [o.n.i.d.DiagnosticsManager]   neostore.labeltokenstore.db.names: 2019-02-28T12:01:10+0800 - 8.00 kB
2019-02-28 04:01:11.698+0000 INFO [o.n.i.d.DiagnosticsManager]   neostore.labeltokenstore.db.names.id: 2019-02-28T12:01:10+0800 - 9.00 B
2019-02-28 04:01:11.698+0000 INFO [o.n.i.d.DiagnosticsManager]   neostore.nodestore.db: 2019-02-28T12:01:10+0800 - 0.00 B
2019-02-28 04:01:11.699+0000 INFO [o.n.i.d.DiagnosticsManager]   neostore.nodestore.db.id: 2019-02-28T12:01:10+0800 - 9.00 B
2019-02-28 04:01:11.699+0000 INFO [o.n.i.d.DiagnosticsManager]   neostore.nodestore.db.labels: 2019-02-28T12:01:10+0800 - 8.00 kB
2019-02-28 04:01:11.700+0000 INFO [o.n.i.d.DiagnosticsManager]   neostore.nodestore.db.labels.id: 2019-02-28T12:01:10+0800 - 9.00 B
2019-02-28 04:01:11.700+0000 INFO [o.n.i.d.DiagnosticsManager]   neostore.propertystore.db: 2019-02-28T12:01:10+0800 - 0.00 B
2019-02-28 04:01:11.700+0000 INFO [o.n.i.d.DiagnosticsManager]   neostore.propertystore.db.arrays: 2019-02-28T12:01:10+0800 - 8.00 kB
2019-02-28 04:01:11.701+0000 INFO [o.n.i.d.DiagnosticsManager]   neostore.propertystore.db.arrays.id: 2019-02-28T12:01:10+0800 - 9.00 B
2019-02-28 04:01:11.701+0000 INFO [o.n.i.d.DiagnosticsManager]   neostore.propertystore.db.id: 2019-02-28T12:01:10+0800 - 9.00 B
2019-02-28 04:01:11.702+0000 INFO [o.n.i.d.DiagnosticsManager]   neostore.propertystore.db.index: 2019-02-28T12:01:10+0800 - 0.00 B
2019-02-28 04:01:11.703+0000 INFO [o.n.i.d.DiagnosticsManager]   neostore.propertystore.db.index.id: 2019-02-28T12:01:10+0800 - 9.00 B
2019-02-28 04:01:11.703+0000 INFO [o.n.i.d.DiagnosticsManager]   neostore.propertystore.db.index.keys: 2019-02-28T12:01:10+0800 - 8.00 kB
2019-02-28 04:01:11.703+0000 INFO [o.n.i.d.DiagnosticsManager]   neostore.propertystore.db.index.keys.id: 2019-02-28T12:01:10+0800 - 9.00 B
2019-02-28 04:01:11.704+0000 INFO [o.n.i.d.DiagnosticsManager]   neostore.propertystore.db.strings: 2019-02-28T12:01:10+0800 - 8.00 kB
2019-02-28 04:01:11.704+0000 INFO [o.n.i.d.DiagnosticsManager]   neostore.propertystore.db.strings.id: 2019-02-28T12:01:10+0800 - 9.00 B
2019-02-28 04:01:11.705+0000 INFO [o.n.i.d.DiagnosticsManager]   neostore.relationshipgroupstore.db: 2019-02-28T12:01:10+0800 - 8.00 kB
2019-02-28 04:01:11.705+0000 INFO [o.n.i.d.DiagnosticsManager]   neostore.relationshipgroupstore.db.id: 2019-02-28T12:01:10+0800 - 9.00 B
2019-02-28 04:01:11.706+0000 INFO [o.n.i.d.DiagnosticsManager]   neostore.relationshipstore.db: 2019-02-28T12:01:10+0800 - 0.00 B
2019-02-28 04:01:11.706+0000 INFO [o.n.i.d.DiagnosticsManager]   neostore.relationshipstore.db.id: 2019-02-28T12:01:10+0800 - 9.00 B
2019-02-28 04:01:11.707+0000 INFO [o.n.i.d.DiagnosticsManager]   neostore.relationshiptypestore.db: 2019-02-28T12:01:10+0800 - 0.00 B
2019-02-28 04:01:11.707+0000 INFO [o.n.i.d.DiagnosticsManager]   neostore.relationshiptypestore.db.id: 2019-02-28T12:01:10+0800 - 9.00 B
2019-02-28 04:01:11.708+0000 INFO [o.n.i.d.DiagnosticsManager]   neostore.relationshiptypestore.db.names: 2019-02-28T12:01:10+0800 - 8.00 kB
2019-02-28 04:01:11.708+0000 INFO [o.n.i.d.DiagnosticsManager]   neostore.relationshiptypestore.db.names.id: 2019-02-28T12:01:10+0800 - 9.00 B
2019-02-28 04:01:11.708+0000 INFO [o.n.i.d.DiagnosticsManager]   neostore.schemastore.db: 2019-02-28T12:01:10+0800 - 8.00 kB
2019-02-28 04:01:11.709+0000 INFO [o.n.i.d.DiagnosticsManager]   neostore.schemastore.db.id: 2019-02-28T12:01:10+0800 - 9.00 B
2019-02-28 04:01:11.709+0000 INFO [o.n.i.d.DiagnosticsManager]   neostore.transaction.db.0: 2019-02-28T12:01:11+0800 - 16.00 B
2019-02-28 04:01:11.709+0000 INFO [o.n.i.d.DiagnosticsManager] Storage summary: 
2019-02-28 04:01:11.709+0000 INFO [o.n.i.d.DiagnosticsManager]   Total size of store: 112.24 kB
2019-02-28 04:01:11.710+0000 INFO [o.n.i.d.DiagnosticsManager]   Total size of mapped files: 112.00 kB
2019-02-28 04:01:11.710+0000 INFO [o.n.i.d.DiagnosticsManager] --- STARTED diagnostics for KernelDiagnostics:StoreFiles END ---
2019-02-28 04:01:11.710+0000 INFO [o.n.k.a.DatabaseAvailabilityGuard] Fulfilling of requirement 'Database available' makes database graph.db available.
2019-02-28 04:01:11.711+0000 INFO [o.n.k.a.DatabaseAvailabilityGuard] Database graph.db is ready.
2019-02-28 04:01:11.711+0000 INFO [o.n.k.i.DatabaseHealth] Database health set to OK
2019-02-28 04:01:13.868+0000 INFO [o.n.b.BoltServer] Bolt server loaded
2019-02-28 04:01:14.212+0000 INFO [o.n.b.BoltServer] Bolt enabled on 127.0.0.1:7687.
2019-02-28 04:01:17.720+0000 INFO [o.n.i.d.DiagnosticsManager] --- SERVER STARTED START ---
2019-02-28 04:01:20.346+0000 INFO [o.n.i.d.DiagnosticsManager] --- SERVER STARTED END ---
2019-02-28 04:01:34.990+0000 WARN [o.n.k.i.c.VmPauseMonitorComponent] Detected VM stop-the-world pause: {pauseTime=121, gcTime=0, gcCount=0}
2019-02-28 04:01:37.011+0000 WARN [o.n.b.r.DefaultBoltConnection] The client is unauthorized due to authentication failure.
2019-02-28 04:01:37.064+0000 WARN [o.n.b.r.DefaultBoltConnection] The client is unauthorized due to authentication failure.
2019-02-28 04:01:56.885+0000 WARN [o.n.k.i.c.VmPauseMonitorComponent] Detected VM stop-the-world pause: {pauseTime=112, gcTime=0, gcCount=0}
2019-02-28 04:08:47.626+0000 WARN [o.n.k.i.c.VmPauseMonitorComponent] Detected VM stop-the-world pause: {pauseTime=165, gcTime=0, gcCount=0}
2019-02-28 04:21:02.061+0000 INFO [o.n.k.i.t.l.c.CheckPointerImpl] Checkpoint triggered by scheduler for time threshold @ txId: 6 checkpoint started...
2019-02-28 04:21:02.096+0000 INFO [o.n.k.i.s.c.CountsTracker] Rotated counts store at transaction 6 to [/Users/mac/major_graph/neo4j-community/data/databases/graph.db/neostore.counts.db.b], from [/Users/mac/major_graph/neo4j-community/data/databases/graph.db/neostore.counts.db.a].
2019-02-28 04:21:02.111+0000 INFO [o.n.k.i.t.l.c.CheckPointerImpl] Checkpoint triggered by scheduler for time threshold @ txId: 6 checkpoint completed in 45ms
2019-02-28 04:21:02.115+0000 INFO [o.n.k.i.t.l.p.LogPruningImpl] No log version pruned, last checkpoint was made in version 0
2019-02-28 04:30:28.016+0000 WARN [o.n.k.i.c.VmPauseMonitorComponent] Detected VM stop-the-world pause: {pauseTime=132, gcTime=0, gcCount=0}
2019-02-28 04:36:02.468+0000 INFO [o.n.k.i.t.l.c.CheckPointerImpl] Checkpoint triggered by scheduler for time threshold @ txId: 9 checkpoint started...
2019-02-28 04:36:02.491+0000 INFO [o.n.k.i.s.c.CountsTracker] Rotated counts store at transaction 9 to [/Users/mac/major_graph/neo4j-community/data/databases/graph.db/neostore.counts.db.a], from [/Users/mac/major_graph/neo4j-community/data/databases/graph.db/neostore.counts.db.b].
2019-02-28 04:36:02.496+0000 INFO [o.n.k.i.t.l.c.CheckPointerImpl] Checkpoint triggered by scheduler for time threshold @ txId: 9 checkpoint completed in 19ms
2019-02-28 04:36:02.496+0000 INFO [o.n.k.i.t.l.p.LogPruningImpl] No log version pruned, last checkpoint was made in version 0
2019-02-28 04:40:21.840+0000 WARN [o.n.k.i.c.VmPauseMonitorComponent] Detected VM stop-the-world pause: {pauseTime=115, gcTime=9, gcCount=1}
2019-02-28 04:40:25.672+0000 INFO [o.n.c.i.ExecutionEngine] Discarded stale query from the query cache after 2308 seconds: 
CALL db.labels() YIELD label
RETURN {name:'labels', data:COLLECT(label)[..1000]} as result
UNION ALL
CALL db.relationshipTypes() YIELD relationshipType
RETURN {name:'relationshipTypes', data:COLLECT(relationshipType)[..1000]} as result
UNION ALL
CALL db.propertyKeys() YIELD propertyKey
RETURN {name:'propertyKeys', data:COLLECT(propertyKey)[..1000]} as result
UNION ALL
CALL dbms.functions() YIELD name, signature, description
RETURN {name:'functions', data: collect({name: name, signature: signature, description: description})} AS result
UNION ALL
CALL dbms.procedures() YIELD name, signature, description
RETURN {name:'procedures', data:collect({name: name, signature: signature, description: description})} as result
UNION ALL
MATCH () RETURN { name:'nodes', data:count(*) } AS result
UNION ALL
MATCH ()-[]->() RETURN { name:'relationships', data: count(*)} AS result

2019-02-28 04:40:25.690+0000 INFO [o.n.c.i.CommunityCompilerFactory] Discarded stale query from the query cache after 2308 seconds: CALL db.labels() YIELD label
RETURN {name:'labels', data:COLLECT(label)[..1000]} as result
UNION ALL
CALL db.relationshipTypes() YIELD relationshipType
RETURN {name:'relationshipTypes', data:COLLECT(relationshipType)[..1000]} as result
UNION ALL
CALL db.propertyKeys() YIELD propertyKey
RETURN {name:'propertyKeys', data:COLLECT(propertyKey)[..1000]} as result
UNION ALL
CALL dbms.functions() YIELD name, signature, description
RETURN {name:'functions', data: collect({name: name, signature: signature, description: description})} AS result
UNION ALL
CALL dbms.procedures() YIELD name, signature, description
RETURN {name:'procedures', data:collect({name: name, signature: signature, description: description})} as result
UNION ALL
MATCH () RETURN { name:'nodes', data:count(*) } AS result
UNION ALL
MATCH ()-[]->() RETURN { name:'relationships', data: count(*)} AS result

2019-02-28 04:41:20.154+0000 INFO [o.n.c.i.ExecutionEngine] Discarded stale query from the query cache after 112 seconds: MATCH (people:Person) RETURN people.name LIMIT 10
2019-02-28 04:41:20.163+0000 INFO [o.n.c.i.CommunityCompilerFactory] Discarded stale query from the query cache after 112 seconds: MATCH (people:Person) RETURN people.name LIMIT 10
2019-02-28 05:18:14.009+0000 WARN [o.n.k.i.c.VmPauseMonitorComponent] Detected VM stop-the-world pause: {pauseTime=1290, gcTime=0, gcCount=0}
2019-02-28 05:18:14.924+0000 WARN [o.n.k.i.c.VmPauseMonitorComponent] Detected VM stop-the-world pause: {pauseTime=814, gcTime=0, gcCount=0}
2019-02-28 05:18:16.558+0000 INFO [o.n.k.i.t.l.c.CheckPointerImpl] Checkpoint triggered by scheduler for time threshold @ txId: 23 checkpoint started...
2019-02-28 05:18:16.567+0000 INFO [o.n.k.i.s.c.CountsTracker] Rotated counts store at transaction 23 to [/Users/mac/major_graph/neo4j-community/data/databases/graph.db/neostore.counts.db.b], from [/Users/mac/major_graph/neo4j-community/data/databases/graph.db/neostore.counts.db.a].
2019-02-28 05:18:16.579+0000 INFO [o.n.k.i.t.l.c.CheckPointerImpl] Checkpoint triggered by scheduler for time threshold @ txId: 23 checkpoint completed in 19ms
2019-02-28 05:18:16.579+0000 INFO [o.n.k.i.t.l.p.LogPruningImpl] No log version pruned, last checkpoint was made in version 0
2019-02-28 05:18:21.781+0000 WARN [o.n.k.i.c.VmPauseMonitorComponent] Detected VM stop-the-world pause: {pauseTime=355, gcTime=0, gcCount=0}
2019-02-28 05:52:53.004+0000 WARN [o.n.k.i.c.VmPauseMonitorComponent] Detected VM stop-the-world pause: {pauseTime=1196, gcTime=0, gcCount=0}
2019-02-28 05:52:53.906+0000 WARN [o.n.k.i.c.VmPauseMonitorComponent] Detected VM stop-the-world pause: {pauseTime=802, gcTime=0, gcCount=0}
2019-02-28 06:35:13.006+0000 WARN [o.n.k.i.c.VmPauseMonitorComponent] Detected VM stop-the-world pause: {pauseTime=1199, gcTime=0, gcCount=0}
2019-02-28 06:35:13.960+0000 WARN [o.n.k.i.c.VmPauseMonitorComponent] Detected VM stop-the-world pause: {pauseTime=852, gcTime=0, gcCount=0}
2019-02-28 06:36:08.873+0000 INFO [o.n.c.i.ExecutionEngine] Discarded stale query from the query cache after 6943 seconds: MATCH (a)-[r]->(b) WHERE id(a) IN $existingNodeIds AND id(b) IN $newNodeIds RETURN r;
2019-02-28 06:36:08.898+0000 INFO [o.n.c.i.CommunityCompilerFactory] Discarded stale query from the query cache after 6943 seconds: MATCH (a)-[r]->(b) WHERE id(a) IN $existingNodeIds AND id(b) IN $newNodeIds RETURN r;
2019-02-28 06:36:13.579+0000 INFO [o.n.k.i.t.l.c.CheckPointerImpl] Checkpoint triggered by scheduler for time threshold @ txId: 24 checkpoint started...
2019-02-28 06:36:13.589+0000 INFO [o.n.k.i.s.c.CountsTracker] Rotated counts store at transaction 24 to [/Users/mac/major_graph/neo4j-community/data/databases/graph.db/neostore.counts.db.a], from [/Users/mac/major_graph/neo4j-community/data/databases/graph.db/neostore.counts.db.b].
2019-02-28 06:36:13.615+0000 INFO [o.n.k.i.t.l.c.CheckPointerImpl] Checkpoint triggered by scheduler for time threshold @ txId: 24 checkpoint completed in 35ms
2019-02-28 06:36:13.615+0000 INFO [o.n.k.i.t.l.p.LogPruningImpl] No log version pruned, last checkpoint was made in version 0
2019-02-28 06:36:20.345+0000 INFO [o.n.c.i.ExecutionEngine] Discarded stale query from the query cache after 6954 seconds: 
CALL db.labels() YIELD label
RETURN {name:'labels', data:COLLECT(label)[..1000]} as result
UNION ALL
CALL db.relationshipTypes() YIELD relationshipType
RETURN {name:'relationshipTypes', data:COLLECT(relationshipType)[..1000]} as result
UNION ALL
CALL db.propertyKeys() YIELD propertyKey
RETURN {name:'propertyKeys', data:COLLECT(propertyKey)[..1000]} as result
UNION ALL
CALL dbms.functions() YIELD name, signature, description
RETURN {name:'functions', data: collect({name: name, signature: signature, description: description})} AS result
UNION ALL
CALL dbms.procedures() YIELD name, signature, description
RETURN {name:'procedures', data:collect({name: name, signature: signature, description: description})} as result
UNION ALL
MATCH () RETURN { name:'nodes', data:count(*) } AS result
UNION ALL
MATCH ()-[]->() RETURN { name:'relationships', data: count(*)} AS result

2019-02-28 06:36:20.387+0000 INFO [o.n.c.i.CommunityCompilerFactory] Discarded stale query from the query cache after 6954 seconds: CALL db.labels() YIELD label
RETURN {name:'labels', data:COLLECT(label)[..1000]} as result
UNION ALL
CALL db.relationshipTypes() YIELD relationshipType
RETURN {name:'relationshipTypes', data:COLLECT(relationshipType)[..1000]} as result
UNION ALL
CALL db.propertyKeys() YIELD propertyKey
RETURN {name:'propertyKeys', data:COLLECT(propertyKey)[..1000]} as result
UNION ALL
CALL dbms.functions() YIELD name, signature, description
RETURN {name:'functions', data: collect({name: name, signature: signature, description: description})} AS result
UNION ALL
CALL dbms.procedures() YIELD name, signature, description
RETURN {name:'procedures', data:collect({name: name, signature: signature, description: description})} as result
UNION ALL
MATCH () RETURN { name:'nodes', data:count(*) } AS result
UNION ALL
MATCH ()-[]->() RETURN { name:'relationships', data: count(*)} AS result

2019-02-28 06:36:21.062+0000 WARN [o.n.k.i.c.VmPauseMonitorComponent] Detected VM stop-the-world pause: {pauseTime=127, gcTime=0, gcCount=0}
2019-02-28 06:43:09.183+0000 WARN [o.n.k.i.c.VmPauseMonitorComponent] Detected VM stop-the-world pause: {pauseTime=125, gcTime=0, gcCount=0}
2019-02-28 06:59:00.066+0000 INFO [o.n.c.i.ExecutionEngine] Discarded stale query from the query cache after 1359 seconds: 
CALL db.labels() YIELD label
RETURN {name:'labels', data:COLLECT(label)[..1000]} as result
UNION ALL
CALL db.relationshipTypes() YIELD relationshipType
RETURN {name:'relationshipTypes', data:COLLECT(relationshipType)[..1000]} as result
UNION ALL
CALL db.propertyKeys() YIELD propertyKey
RETURN {name:'propertyKeys', data:COLLECT(propertyKey)[..1000]} as result
UNION ALL
CALL dbms.functions() YIELD name, signature, description
RETURN {name:'functions', data: collect({name: name, signature: signature, description: description})} AS result
UNION ALL
CALL dbms.procedures() YIELD name, signature, description
RETURN {name:'procedures', data:collect({name: name, signature: signature, description: description})} as result
UNION ALL
MATCH () RETURN { name:'nodes', data:count(*) } AS result
UNION ALL
MATCH ()-[]->() RETURN { name:'relationships', data: count(*)} AS result

2019-02-28 06:59:00.073+0000 INFO [o.n.c.i.CommunityCompilerFactory] Discarded stale query from the query cache after 1359 seconds: CALL db.labels() YIELD label
RETURN {name:'labels', data:COLLECT(label)[..1000]} as result
UNION ALL
CALL db.relationshipTypes() YIELD relationshipType
RETURN {name:'relationshipTypes', data:COLLECT(relationshipType)[..1000]} as result
UNION ALL
CALL db.propertyKeys() YIELD propertyKey
RETURN {name:'propertyKeys', data:COLLECT(propertyKey)[..1000]} as result
UNION ALL
CALL dbms.functions() YIELD name, signature, description
RETURN {name:'functions', data: collect({name: name, signature: signature, description: description})} AS result
UNION ALL
CALL dbms.procedures() YIELD name, signature, description
RETURN {name:'procedures', data:collect({name: name, signature: signature, description: description})} as result
UNION ALL
MATCH () RETURN { name:'nodes', data:count(*) } AS result
UNION ALL
MATCH ()-[]->() RETURN { name:'relationships', data: count(*)} AS result

2019-02-28 06:59:04.065+0000 INFO [o.n.k.i.t.l.c.CheckPointerImpl] Checkpoint triggered by scheduler for time threshold @ txId: 25 checkpoint started...
2019-02-28 06:59:04.079+0000 INFO [o.n.k.i.s.c.CountsTracker] Rotated counts store at transaction 25 to [/Users/mac/major_graph/neo4j-community/data/databases/graph.db/neostore.counts.db.b], from [/Users/mac/major_graph/neo4j-community/data/databases/graph.db/neostore.counts.db.a].
2019-02-28 06:59:04.085+0000 INFO [o.n.k.i.t.l.c.CheckPointerImpl] Checkpoint triggered by scheduler for time threshold @ txId: 25 checkpoint completed in 20ms
2019-02-28 06:59:04.086+0000 INFO [o.n.k.i.t.l.p.LogPruningImpl] No log version pruned, last checkpoint was made in version 0
2019-02-28 07:04:59.081+0000 WARN [o.n.k.i.c.VmPauseMonitorComponent] Detected VM stop-the-world pause: {pauseTime=173, gcTime=0, gcCount=0}
2019-02-28 07:14:04.380+0000 INFO [o.n.k.i.t.l.c.CheckPointerImpl] Checkpoint triggered by scheduler for time threshold @ txId: 27 checkpoint started...
2019-02-28 07:14:04.408+0000 INFO [o.n.k.i.s.c.CountsTracker] Rotated counts store at transaction 27 to [/Users/mac/major_graph/neo4j-community/data/databases/graph.db/neostore.counts.db.a], from [/Users/mac/major_graph/neo4j-community/data/databases/graph.db/neostore.counts.db.b].
2019-02-28 07:14:04.453+0000 INFO [o.n.k.i.t.l.c.CheckPointerImpl] Checkpoint triggered by scheduler for time threshold @ txId: 27 checkpoint completed in 62ms
2019-02-28 07:14:04.454+0000 INFO [o.n.k.i.t.l.p.LogPruningImpl] No log version pruned, last checkpoint was made in version 0
2019-02-28 07:14:04.797+0000 WARN [o.n.k.i.c.VmPauseMonitorComponent] Detected VM stop-the-world pause: {pauseTime=116, gcTime=0, gcCount=0}
2019-02-28 08:05:17.825+0000 WARN [o.n.k.i.c.VmPauseMonitorComponent] Detected VM stop-the-world pause: {pauseTime=117, gcTime=95, gcCount=1}
2019-02-28 08:05:18.392+0000 WARN [o.n.k.i.c.VmPauseMonitorComponent] Detected VM stop-the-world pause: {pauseTime=243, gcTime=0, gcCount=0}
2019-02-28 09:02:04.002+0000 WARN [o.n.k.i.c.VmPauseMonitorComponent] Detected VM stop-the-world pause: {pauseTime=214, gcTime=0, gcCount=0}
2019-02-28 09:21:25.557+0000 WARN [o.n.k.i.c.VmPauseMonitorComponent] Detected VM stop-the-world pause: {pauseTime=127, gcTime=0, gcCount=0}
2019-02-28 09:42:36.033+0000 WARN [o.n.k.i.c.VmPauseMonitorComponent] Detected VM stop-the-world pause: {pauseTime=108, gcTime=0, gcCount=0}
2019-02-28 09:42:36.307+0000 WARN [o.n.k.i.c.VmPauseMonitorComponent] Detected VM stop-the-world pause: {pauseTime=217, gcTime=0, gcCount=0}
2019-02-28 15:07:07.012+0000 WARN [o.n.k.i.c.VmPauseMonitorComponent] Detected VM stop-the-world pause: {pauseTime=1524, gcTime=0, gcCount=0}
2019-02-28 15:07:07.907+0000 WARN [o.n.k.i.c.VmPauseMonitorComponent] Detected VM stop-the-world pause: {pauseTime=794, gcTime=0, gcCount=0}
2019-02-28 15:26:12.277+0000 WARN [o.n.k.i.c.VmPauseMonitorComponent] Detected VM stop-the-world pause: {pauseTime=501, gcTime=0, gcCount=0}
2019-02-28 15:35:13.791+0000 WARN [o.n.k.i.c.VmPauseMonitorComponent] Detected VM stop-the-world pause: {pauseTime=123, gcTime=0, gcCount=0}
2019-02-28 15:35:13.904+0000 WARN [o.n.k.i.c.VmPauseMonitorComponent] Detected VM stop-the-world pause: {pauseTime=206, gcTime=0, gcCount=0}
2019-02-28 16:16:10.023+0000 WARN [o.n.k.i.c.VmPauseMonitorComponent] Detected VM stop-the-world pause: {pauseTime=1525, gcTime=0, gcCount=0}
2019-02-28 16:16:10.899+0000 WARN [o.n.k.i.c.VmPauseMonitorComponent] Detected VM stop-the-world pause: {pauseTime=787, gcTime=0, gcCount=0}
2019-02-28 16:40:13.009+0000 WARN [o.n.k.i.c.VmPauseMonitorComponent] Detected VM stop-the-world pause: {pauseTime=1195, gcTime=0, gcCount=0}
2019-02-28 16:40:13.881+0000 WARN [o.n.k.i.c.VmPauseMonitorComponent] Detected VM stop-the-world pause: {pauseTime=771, gcTime=0, gcCount=0}
2019-02-28 17:24:45.180+0000 WARN [o.n.k.i.c.VmPauseMonitorComponent] Detected VM stop-the-world pause: {pauseTime=229, gcTime=0, gcCount=0}
2019-02-28 17:37:54.018+0000 WARN [o.n.k.i.c.VmPauseMonitorComponent] Detected VM stop-the-world pause: {pauseTime=1503, gcTime=0, gcCount=0}
2019-02-28 17:37:54.905+0000 WARN [o.n.k.i.c.VmPauseMonitorComponent] Detected VM stop-the-world pause: {pauseTime=798, gcTime=0, gcCount=0}
2019-02-28 18:15:56.008+0000 WARN [o.n.k.i.c.VmPauseMonitorComponent] Detected VM stop-the-world pause: {pauseTime=1206, gcTime=0, gcCount=0}
2019-02-28 18:15:56.900+0000 WARN [o.n.k.i.c.VmPauseMonitorComponent] Detected VM stop-the-world pause: {pauseTime=795, gcTime=0, gcCount=0}
2019-02-28 18:54:17.818+0000 WARN [o.n.k.i.c.VmPauseMonitorComponent] Detected VM stop-the-world pause: {pauseTime=1121, gcTime=0, gcCount=0}
2019-02-28 18:54:17.933+0000 WARN [o.n.k.i.c.VmPauseMonitorComponent] Detected VM stop-the-world pause: {pauseTime=826, gcTime=0, gcCount=0}
2019-02-28 20:42:24.007+0000 WARN [o.n.k.i.c.VmPauseMonitorComponent] Detected VM stop-the-world pause: {pauseTime=1189, gcTime=0, gcCount=0}
2019-02-28 20:42:24.910+0000 WARN [o.n.k.i.c.VmPauseMonitorComponent] Detected VM stop-the-world pause: {pauseTime=803, gcTime=0, gcCount=0}
2019-02-28 22:30:29.012+0000 WARN [o.n.k.i.c.VmPauseMonitorComponent] Detected VM stop-the-world pause: {pauseTime=1163, gcTime=0, gcCount=0}
2019-02-28 22:30:29.924+0000 WARN [o.n.k.i.c.VmPauseMonitorComponent] Detected VM stop-the-world pause: {pauseTime=815, gcTime=0, gcCount=0}
2019-02-28 22:39:37.015+0000 WARN [o.n.k.i.c.VmPauseMonitorComponent] Detected VM stop-the-world pause: {pauseTime=1187, gcTime=0, gcCount=0}
2019-02-28 22:39:37.908+0000 WARN [o.n.k.i.c.VmPauseMonitorComponent] Detected VM stop-the-world pause: {pauseTime=801, gcTime=0, gcCount=0}
2019-03-01 00:19:29.006+0000 WARN [o.n.k.i.c.VmPauseMonitorComponent] Detected VM stop-the-world pause: {pauseTime=1198, gcTime=0, gcCount=0}
2019-03-01 00:19:29.918+0000 WARN [o.n.k.i.c.VmPauseMonitorComponent] Detected VM stop-the-world pause: {pauseTime=812, gcTime=0, gcCount=0}
2019-03-01 00:45:00.005+0000 WARN [o.n.k.i.c.VmPauseMonitorComponent] Detected VM stop-the-world pause: {pauseTime=1207, gcTime=0, gcCount=0}
2019-03-01 00:45:00.910+0000 WARN [o.n.k.i.c.VmPauseMonitorComponent] Detected VM stop-the-world pause: {pauseTime=804, gcTime=0, gcCount=0}
2019-03-01 02:30:26.886+0000 WARN [o.n.k.i.c.VmPauseMonitorComponent] Detected VM stop-the-world pause: {pauseTime=1159, gcTime=0, gcCount=0}
2019-03-01 02:30:27.001+0000 WARN [o.n.k.i.c.VmPauseMonitorComponent] Detected VM stop-the-world pause: {pauseTime=895, gcTime=0, gcCount=0}
2019-03-01 03:14:40.826+0000 WARN [o.n.k.i.c.VmPauseMonitorComponent] Detected VM stop-the-world pause: {pauseTime=1148, gcTime=0, gcCount=0}
2019-03-01 03:14:40.946+0000 WARN [o.n.k.i.c.VmPauseMonitorComponent] Detected VM stop-the-world pause: {pauseTime=841, gcTime=0, gcCount=0}
2019-03-01 05:02:45.008+0000 WARN [o.n.k.i.c.VmPauseMonitorComponent] Detected VM stop-the-world pause: {pauseTime=1196, gcTime=0, gcCount=0}
2019-03-01 05:02:45.883+0000 WARN [o.n.k.i.c.VmPauseMonitorComponent] Detected VM stop-the-world pause: {pauseTime=777, gcTime=0, gcCount=0}
2019-03-01 05:03:00.197+0000 WARN [o.n.k.i.c.VmPauseMonitorComponent] Detected VM stop-the-world pause: {pauseTime=234, gcTime=0, gcCount=0}
2019-03-01 06:50:50.006+0000 WARN [o.n.k.i.c.VmPauseMonitorComponent] Detected VM stop-the-world pause: {pauseTime=1191, gcTime=0, gcCount=0}
2019-03-01 06:50:50.886+0000 WARN [o.n.k.i.c.VmPauseMonitorComponent] Detected VM stop-the-world pause: {pauseTime=779, gcTime=0, gcCount=0}
2019-03-01 08:39:00.808+0000 WARN [o.n.k.i.c.VmPauseMonitorComponent] Detected VM stop-the-world pause: {pauseTime=1198, gcTime=0, gcCount=0}
2019-03-01 08:39:00.932+0000 WARN [o.n.k.i.c.VmPauseMonitorComponent] Detected VM stop-the-world pause: {pauseTime=821, gcTime=0, gcCount=0}
2019-03-01 10:27:10.005+0000 WARN [o.n.k.i.c.VmPauseMonitorComponent] Detected VM stop-the-world pause: {pauseTime=1139, gcTime=0, gcCount=0}
2019-03-01 10:27:10.910+0000 WARN [o.n.k.i.c.VmPauseMonitorComponent] Detected VM stop-the-world pause: {pauseTime=804, gcTime=0, gcCount=0}
2019-03-01 10:37:59.006+0000 WARN [o.n.k.i.c.VmPauseMonitorComponent] Detected VM stop-the-world pause: {pauseTime=1136, gcTime=0, gcCount=0}
2019-03-01 10:37:59.905+0000 WARN [o.n.k.i.c.VmPauseMonitorComponent] Detected VM stop-the-world pause: {pauseTime=799, gcTime=0, gcCount=0}
2019-03-01 10:40:00.806+0000 WARN [o.n.k.i.c.VmPauseMonitorComponent] Detected VM stop-the-world pause: {pauseTime=1168, gcTime=0, gcCount=0}
2019-03-01 10:40:00.918+0000 WARN [o.n.k.i.c.VmPauseMonitorComponent] Detected VM stop-the-world pause: {pauseTime=814, gcTime=0, gcCount=0}
2019-03-01 12:40:49.006+0000 WARN [o.n.k.i.c.VmPauseMonitorComponent] Detected VM stop-the-world pause: {pauseTime=1120, gcTime=0, gcCount=0}
2019-03-01 12:40:49.891+0000 WARN [o.n.k.i.c.VmPauseMonitorComponent] Detected VM stop-the-world pause: {pauseTime=785, gcTime=0, gcCount=0}
2019-03-01 14:28:56.800+0000 WARN [o.n.k.i.c.VmPauseMonitorComponent] Detected VM stop-the-world pause: {pauseTime=1177, gcTime=0, gcCount=0}
2019-03-01 14:28:56.916+0000 WARN [o.n.k.i.c.VmPauseMonitorComponent] Detected VM stop-the-world pause: {pauseTime=811, gcTime=0, gcCount=0}
2019-03-01 14:39:46.004+0000 WARN [o.n.k.i.c.VmPauseMonitorComponent] Detected VM stop-the-world pause: {pauseTime=1151, gcTime=0, gcCount=0}
2019-03-01 14:39:46.912+0000 WARN [o.n.k.i.c.VmPauseMonitorComponent] Detected VM stop-the-world pause: {pauseTime=807, gcTime=0, gcCount=0}
2019-03-01 14:41:35.007+0000 WARN [o.n.k.i.c.VmPauseMonitorComponent] Detected VM stop-the-world pause: {pauseTime=1184, gcTime=0, gcCount=0}
2019-03-01 14:41:35.912+0000 WARN [o.n.k.i.c.VmPauseMonitorComponent] Detected VM stop-the-world pause: {pauseTime=806, gcTime=0, gcCount=0}
2019-03-01 15:54:56.008+0000 WARN [o.n.k.i.c.VmPauseMonitorComponent] Detected VM stop-the-world pause: {pauseTime=1126, gcTime=0, gcCount=0}
2019-03-01 15:54:56.927+0000 WARN [o.n.k.i.c.VmPauseMonitorComponent] Detected VM stop-the-world pause: {pauseTime=819, gcTime=0, gcCount=0}
2019-03-01 16:17:16.451+0000 WARN [o.n.k.i.c.VmPauseMonitorComponent] Detected VM stop-the-world pause: {pauseTime=137, gcTime=193, gcCount=1}
2019-03-01 16:20:19.722+0000 WARN [o.n.k.i.c.VmPauseMonitorComponent] Detected VM stop-the-world pause: {pauseTime=558, gcTime=583, gcCount=1}
2019-03-01 17:29:32.644+0000 WARN [o.n.k.i.c.VmPauseMonitorComponent] Detected VM stop-the-world pause: {pauseTime=926, gcTime=0, gcCount=0}
2019-03-01 18:53:13.012+0000 WARN [o.n.k.i.c.VmPauseMonitorComponent] Detected VM stop-the-world pause: {pauseTime=1288, gcTime=0, gcCount=0}
2019-03-01 18:53:13.902+0000 WARN [o.n.k.i.c.VmPauseMonitorComponent] Detected VM stop-the-world pause: {pauseTime=794, gcTime=0, gcCount=0}
2019-03-01 19:33:00.008+0000 WARN [o.n.k.i.c.VmPauseMonitorComponent] Detected VM stop-the-world pause: {pauseTime=1126, gcTime=0, gcCount=0}
2019-03-01 20:07:17.007+0000 WARN [o.n.k.i.c.VmPauseMonitorComponent] Detected VM stop-the-world pause: {pauseTime=1182, gcTime=0, gcCount=0}
2019-03-01 20:07:17.902+0000 WARN [o.n.k.i.c.VmPauseMonitorComponent] Detected VM stop-the-world pause: {pauseTime=794, gcTime=0, gcCount=0}
2019-03-01 21:24:31.007+0000 WARN [o.n.k.i.c.VmPauseMonitorComponent] Detected VM stop-the-world pause: {pauseTime=1137, gcTime=0, gcCount=0}
2019-03-01 21:24:31.910+0000 WARN [o.n.k.i.c.VmPauseMonitorComponent] Detected VM stop-the-world pause: {pauseTime=802, gcTime=0, gcCount=0}
2019-03-01 23:12:36.007+0000 WARN [o.n.k.i.c.VmPauseMonitorComponent] Detected VM stop-the-world pause: {pauseTime=1185, gcTime=0, gcCount=0}
2019-03-01 23:12:36.918+0000 WARN [o.n.k.i.c.VmPauseMonitorComponent] Detected VM stop-the-world pause: {pauseTime=810, gcTime=0, gcCount=0}
2019-03-02 00:45:00.007+0000 WARN [o.n.k.i.c.VmPauseMonitorComponent] Detected VM stop-the-world pause: {pauseTime=1148, gcTime=0, gcCount=0}
2019-03-02 01:36:51.431+0000 WARN [o.n.k.i.c.VmPauseMonitorComponent] Detected VM stop-the-world pause: {pauseTime=766, gcTime=0, gcCount=0}
2019-03-02 02:40:07.807+0000 WARN [o.n.k.i.c.VmPauseMonitorComponent] Detected VM stop-the-world pause: {pauseTime=1209, gcTime=0, gcCount=0}
2019-03-02 02:40:07.926+0000 WARN [o.n.k.i.c.VmPauseMonitorComponent] Detected VM stop-the-world pause: {pauseTime=820, gcTime=0, gcCount=0}
2019-03-02 03:18:58.008+0000 WARN [o.n.k.i.c.VmPauseMonitorComponent] Detected VM stop-the-world pause: {pauseTime=1144, gcTime=0, gcCount=0}
2019-03-02 03:18:58.936+0000 WARN [o.n.k.i.c.VmPauseMonitorComponent] Detected VM stop-the-world pause: {pauseTime=828, gcTime=0, gcCount=0}
2019-03-02 09:42:36.009+0000 WARN [o.n.k.i.c.VmPauseMonitorComponent] Detected VM stop-the-world pause: {pauseTime=1494, gcTime=0, gcCount=0}
2019-03-02 09:42:36.933+0000 WARN [o.n.k.i.c.VmPauseMonitorComponent] Detected VM stop-the-world pause: {pauseTime=823, gcTime=0, gcCount=0}
2019-03-02 10:07:08.325+0000 WARN [o.n.k.i.c.VmPauseMonitorComponent] Detected VM stop-the-world pause: {pauseTime=140, gcTime=173, gcCount=1}
2019-03-02 10:07:08.456+0000 WARN [o.n.k.i.c.VmPauseMonitorComponent] Detected VM stop-the-world pause: {pauseTime=182, gcTime=0, gcCount=0}
2019-03-02 10:08:01.163+0000 WARN [o.n.k.i.c.VmPauseMonitorComponent] Detected VM stop-the-world pause: {pauseTime=364, gcTime=0, gcCount=0}
2019-03-02 10:38:00.209+0000 WARN [o.n.k.i.c.VmPauseMonitorComponent] Detected VM stop-the-world pause: {pauseTime=121, gcTime=0, gcCount=0}
2019-03-02 10:38:00.326+0000 WARN [o.n.k.i.c.VmPauseMonitorComponent] Detected VM stop-the-world pause: {pauseTime=363, gcTime=0, gcCount=0}
2019-03-02 10:53:24.444+0000 WARN [o.n.k.i.c.VmPauseMonitorComponent] Detected VM stop-the-world pause: {pauseTime=158, gcTime=0, gcCount=0}
2019-03-02 10:53:24.645+0000 WARN [o.n.k.i.c.VmPauseMonitorComponent] Detected VM stop-the-world pause: {pauseTime=555, gcTime=0, gcCount=0}
2019-03-02 11:14:51.783+0000 WARN [o.n.k.i.c.VmPauseMonitorComponent] Detected VM stop-the-world pause: {pauseTime=329, gcTime=0, gcCount=0}
2019-03-02 15:06:26.038+0000 WARN [o.n.k.i.c.VmPauseMonitorComponent] Detected VM stop-the-world pause: {pauseTime=1681, gcTime=0, gcCount=0}
2019-03-02 15:06:26.928+0000 WARN [o.n.k.i.c.VmPauseMonitorComponent] Detected VM stop-the-world pause: {pauseTime=806, gcTime=0, gcCount=0}
2019-03-02 16:23:48.769+0000 WARN [o.n.k.i.c.VmPauseMonitorComponent] Detected VM stop-the-world pause: {pauseTime=16492, gcTime=0, gcCount=0}
2019-03-02 16:23:49.153+0000 WARN [o.n.k.i.c.VmPauseMonitorComponent] Detected VM stop-the-world pause: {pauseTime=865, gcTime=0, gcCount=0}
2019-03-02 16:39:18.134+0000 WARN [o.n.k.i.c.VmPauseMonitorComponent] Detected VM stop-the-world pause: {pauseTime=106, gcTime=92, gcCount=1}
2019-03-02 17:13:17.183+0000 WARN [o.n.k.i.c.VmPauseMonitorComponent] Detected VM stop-the-world pause: {pauseTime=580, gcTime=0, gcCount=0}
2019-03-02 17:15:46.060+0000 WARN [o.n.k.i.c.VmPauseMonitorComponent] Detected VM stop-the-world pause: {pauseTime=100, gcTime=0, gcCount=0}
2019-03-02 17:15:46.169+0000 WARN [o.n.k.i.c.VmPauseMonitorComponent] Detected VM stop-the-world pause: {pauseTime=208, gcTime=0, gcCount=0}
2019-03-02 18:23:16.014+0000 WARN [o.n.k.i.c.VmPauseMonitorComponent] Detected VM stop-the-world pause: {pauseTime=1203, gcTime=0, gcCount=0}
2019-03-02 18:23:16.919+0000 WARN [o.n.k.i.c.VmPauseMonitorComponent] Detected VM stop-the-world pause: {pauseTime=810, gcTime=0, gcCount=0}
2019-03-02 19:02:20.008+0000 WARN [o.n.k.i.c.VmPauseMonitorComponent] Detected VM stop-the-world pause: {pauseTime=1149, gcTime=0, gcCount=0}
2019-03-02 19:42:35.823+0000 WARN [o.n.k.i.c.VmPauseMonitorComponent] Detected VM stop-the-world pause: {pauseTime=1188, gcTime=0, gcCount=0}
2019-03-02 19:42:35.927+0000 WARN [o.n.k.i.c.VmPauseMonitorComponent] Detected VM stop-the-world pause: {pauseTime=821, gcTime=0, gcCount=0}
2019-03-02 20:54:27.004+0000 WARN [o.n.k.i.c.VmPauseMonitorComponent] Detected VM stop-the-world pause: {pauseTime=1203, gcTime=0, gcCount=0}
2019-03-02 20:54:27.935+0000 WARN [o.n.k.i.c.VmPauseMonitorComponent] Detected VM stop-the-world pause: {pauseTime=831, gcTime=0, gcCount=0}
2019-03-02 22:42:37.004+0000 WARN [o.n.k.i.c.VmPauseMonitorComponent] Detected VM stop-the-world pause: {pauseTime=1157, gcTime=0, gcCount=0}
2019-03-02 22:42:37.907+0000 WARN [o.n.k.i.c.VmPauseMonitorComponent] Detected VM stop-the-world pause: {pauseTime=802, gcTime=0, gcCount=0}
2019-03-03 00:30:44.828+0000 WARN [o.n.k.i.c.VmPauseMonitorComponent] Detected VM stop-the-world pause: {pauseTime=1154, gcTime=0, gcCount=0}
2019-03-03 00:30:44.933+0000 WARN [o.n.k.i.c.VmPauseMonitorComponent] Detected VM stop-the-world pause: {pauseTime=825, gcTime=0, gcCount=0}
2019-03-03 01:41:54.840+0000 WARN [o.n.k.i.c.VmPauseMonitorComponent] Detected VM stop-the-world pause: {pauseTime=1179, gcTime=0, gcCount=0}
2019-03-03 01:41:54.942+0000 WARN [o.n.k.i.c.VmPauseMonitorComponent] Detected VM stop-the-world pause: {pauseTime=834, gcTime=0, gcCount=0}
2019-03-03 02:37:52.248+0000 WARN [o.n.k.i.c.VmPauseMonitorComponent] Detected VM stop-the-world pause: {pauseTime=327, gcTime=0, gcCount=0}
2019-03-03 04:19:32.781+0000 WARN [o.n.k.i.c.VmPauseMonitorComponent] Detected VM stop-the-world pause: {pauseTime=617, gcTime=0, gcCount=0}
2019-03-03 04:36:56.002+0000 WARN [o.n.k.i.c.VmPauseMonitorComponent] Detected VM stop-the-world pause: {pauseTime=118, gcTime=0, gcCount=0}
2019-03-03 04:36:56.148+0000 WARN [o.n.k.i.c.VmPauseMonitorComponent] Detected VM stop-the-world pause: {pauseTime=114, gcTime=0, gcCount=0}
2019-03-03 05:10:59.824+0000 WARN [o.n.k.i.c.VmPauseMonitorComponent] Detected VM stop-the-world pause: {pauseTime=1302, gcTime=0, gcCount=0}
2019-03-03 05:10:59.935+0000 WARN [o.n.k.i.c.VmPauseMonitorComponent] Detected VM stop-the-world pause: {pauseTime=826, gcTime=0, gcCount=0}
2019-03-03 05:43:41.006+0000 WARN [o.n.k.i.c.VmPauseMonitorComponent] Detected VM stop-the-world pause: {pauseTime=1163, gcTime=0, gcCount=0}
2019-03-03 05:43:41.923+0000 WARN [o.n.k.i.c.VmPauseMonitorComponent] Detected VM stop-the-world pause: {pauseTime=817, gcTime=0, gcCount=0}
2019-03-03 06:24:09.004+0000 WARN [o.n.k.i.c.VmPauseMonitorComponent] Detected VM stop-the-world pause: {pauseTime=1147, gcTime=0, gcCount=0}
2019-03-03 06:24:09.936+0000 WARN [o.n.k.i.c.VmPauseMonitorComponent] Detected VM stop-the-world pause: {pauseTime=832, gcTime=0, gcCount=0}
2019-03-03 07:23:29.004+0000 WARN [o.n.k.i.c.VmPauseMonitorComponent] Detected VM stop-the-world pause: {pauseTime=1116, gcTime=0, gcCount=0}
2019-03-03 07:23:29.921+0000 WARN [o.n.k.i.c.VmPauseMonitorComponent] Detected VM stop-the-world pause: {pauseTime=817, gcTime=0, gcCount=0}
2019-03-03 08:54:24.005+0000 WARN [o.n.k.i.c.VmPauseMonitorComponent] Detected VM stop-the-world pause: {pauseTime=1205, gcTime=0, gcCount=0}
2019-03-03 08:54:24.937+0000 WARN [o.n.k.i.c.VmPauseMonitorComponent] Detected VM stop-the-world pause: {pauseTime=831, gcTime=0, gcCount=0}
2019-03-03 09:22:27.669+0000 INFO [o.n.g.f.GraphDatabaseFacadeFactory] Shutdown started
2019-03-03 09:22:27.673+0000 INFO [o.n.k.a.DatabaseAvailabilityGuard] Database graph.db is unavailable.
2019-03-03 09:22:27.748+0000 INFO [o.n.g.f.GraphDatabaseFacadeFactory] Shutting down 'graph.db' database.
2019-03-03 09:22:27.748+0000 INFO [o.n.g.f.GraphDatabaseFacadeFactory] Shutdown started
2019-03-03 09:22:27.880+0000 INFO [o.n.k.i.t.l.c.CheckPointerImpl] Checkpoint triggered by database shutdown @ txId: 27 checkpoint started...
2019-03-03 09:22:27.923+0000 INFO [o.n.k.i.t.l.c.CheckPointerImpl] Checkpoint triggered by database shutdown @ txId: 27 checkpoint completed in 43ms
2019-03-03 09:22:27.924+0000 INFO [o.n.k.i.t.l.p.LogPruningImpl] No log version pruned, last checkpoint was made in version 0
2019-03-03 09:22:27.998+0000 INFO [o.n.i.d.DiagnosticsManager] --- STOPPING diagnostics START ---
2019-03-03 09:22:27.999+0000 INFO [o.n.i.d.DiagnosticsManager] --- STOPPING diagnostics END ---
