2019-03-08 02:03:14.085+0000 INFO  ======== Neo4j 3.5.3 ========
2019-03-08 02:03:14.112+0000 INFO  Starting...
2019-03-08 02:03:18.416+0000 INFO  Bolt enabled on 127.0.0.1:7687.
2019-03-08 02:03:21.958+0000 INFO  Started.
2019-03-08 02:03:24.035+0000 INFO  Remote interface available at http://localhost:7474/
2019-03-08 02:03:28.878+0000 WARN  The client is unauthorized due to authentication failure.
2019-03-12 08:35:35.399+0000 WARN  The client is unauthorized due to authentication failure.
2019-03-28 12:45:01.572+0000 INFO  Neo4j Server shutdown initiated by request
2019-03-28 12:45:02.305+0000 INFO  Stopping...
2019-03-28 12:45:02.492+0000 INFO  Stopped.
2019-05-02 06:50:42.327+0000 INFO  ======== Neo4j 3.5.3 ========
2019-05-02 06:50:42.356+0000 INFO  Starting...
2019-05-02 06:50:46.885+0000 INFO  Bolt enabled on 127.0.0.1:7687.
2019-05-02 06:50:50.472+0000 INFO  Started.
2019-05-02 06:50:52.789+0000 INFO  Remote interface available at http://localhost:7474/
2019-05-02 06:51:02.602+0000 WARN  The client is unauthorized due to authentication failure.
2019-05-02 06:51:43.512+0000 WARN  The client is unauthorized due to authentication failure.
2019-05-02 06:54:34.255+0000 WARN  The client is unauthorized due to authentication failure.
2019-05-02 13:00:11.739+0000 INFO  Neo4j Server shutdown initiated by request
2019-05-02 13:00:12.090+0000 INFO  Stopping...
2019-05-02 13:00:12.939+0000 INFO  Stopped.
2019-05-02 13:01:44.937+0000 INFO  ======== Neo4j 3.5.3 ========
2019-05-02 13:01:44.966+0000 INFO  Starting...
2019-05-02 13:01:49.917+0000 INFO  Bolt enabled on 127.0.0.1:7687.
2019-05-02 13:01:54.163+0000 INFO  Started.
2019-05-02 13:01:56.378+0000 INFO  Remote interface available at http://localhost:7474/
2019-05-02 13:22:51.548+0000 WARN  The client is unauthorized due to authentication failure.
2019-05-04 12:21:07.792+0000 INFO  Neo4j Server shutdown initiated by request
2019-05-04 12:21:11.651+0000 INFO  Stopping...
2019-05-04 12:21:14.624+0000 INFO  Stopped.
2019-05-12 15:41:22.109+0000 INFO  ======== Neo4j 3.5.3 ========
2019-05-12 15:41:22.136+0000 INFO  Starting...
2019-05-12 15:41:26.736+0000 INFO  Bolt enabled on 127.0.0.1:7687.
2019-05-12 15:41:32.069+0000 INFO  Started.
2019-05-12 15:41:34.591+0000 INFO  Remote interface available at http://localhost:7474/
2019-05-12 15:41:47.144+0000 WARN  The client is unauthorized due to authentication failure.
2019-05-13 13:42:16.189+0000 INFO  Neo4j Server shutdown initiated by request
2019-05-13 13:42:16.552+0000 INFO  Stopping...
2019-05-13 13:42:16.750+0000 INFO  Stopped.
2019-05-14 05:04:19.339+0000 INFO  ======== Neo4j 3.5.3 ========
2019-05-14 05:04:19.366+0000 INFO  Starting...
2019-05-14 05:04:24.236+0000 INFO  Bolt enabled on 127.0.0.1:7687.
2019-05-14 05:04:29.022+0000 INFO  Started.
2019-05-14 05:04:31.391+0000 INFO  Remote interface available at http://localhost:7474/
2019-05-14 05:04:33.957+0000 WARN  The client is unauthorized due to authentication failure.
2019-05-22 02:01:17.452+0000 WARN  The client is unauthorized due to authentication failure.
2019-05-22 02:02:17.110+0000 ERROR Client triggered an unexpected error [Neo.DatabaseError.General.UnknownError]: java.net.URISyntaxException: Illegal character in path at index 10: file:/test copy.csv, reference 5fb444a5-00d7-4181-8ee4-df712a3116c3.
2019-05-23 02:11:19.552+0000 INFO  Neo4j Server shutdown initiated by request
2019-05-23 02:11:19.800+0000 INFO  Stopping...
2019-05-23 02:11:20.121+0000 INFO  Stopped.
